2020/04/26 20:19:37.261 [default task-2] DEBUG interceptor.LogInterceptor 開始：viewAction
2020/04/26 20:19:37.267 [default task-2] DEBUG interceptor.LogInterceptor 終了：viewAction
2020/04/26 20:19:37.457 [default task-2] DEBUG interceptor.LogInterceptor 開始：preRender
2020/04/26 20:19:37.517 [default task-2] DEBUG interceptor.LogInterceptor 終了：preRender
2020/04/26 20:19:37.616 [default task-2] DEBUG interceptor.LogInterceptor 開始：getInfoMessage
2020/04/26 20:19:37.618 [default task-2] DEBUG interceptor.LogInterceptor 終了：getInfoMessage
2020/04/26 20:19:37.630 [default task-2] DEBUG interceptor.LogInterceptor 開始：getEmailAddress
2020/04/26 20:19:37.632 [default task-2] DEBUG interceptor.LogInterceptor 終了：getEmailAddress
2020/04/26 20:19:37.641 [default task-2] DEBUG interceptor.LogInterceptor 開始：getPassword
2020/04/26 20:19:37.643 [default task-2] DEBUG interceptor.LogInterceptor 終了：getPassword
2020/04/26 20:19:37.953 [default task-2] DEBUG interceptor.LogInterceptor 開始：viewAction
2020/04/26 20:19:37.956 [default task-2] DEBUG interceptor.LogInterceptor 終了：viewAction
2020/04/26 20:19:37.962 [default task-2] DEBUG interceptor.LogInterceptor 開始：preRender
2020/04/26 20:19:37.965 [default task-2] DEBUG interceptor.LogInterceptor 終了：preRender
2020/04/26 20:19:37.971 [default task-2] DEBUG interceptor.LogInterceptor 開始：getInfoMessage
2020/04/26 20:19:37.972 [default task-2] DEBUG interceptor.LogInterceptor 終了：getInfoMessage
2020/04/26 20:19:37.975 [default task-2] DEBUG interceptor.LogInterceptor 開始：getEmailAddress
2020/04/26 20:19:37.976 [default task-2] DEBUG interceptor.LogInterceptor 終了：getEmailAddress
2020/04/26 20:19:37.980 [default task-2] DEBUG interceptor.LogInterceptor 開始：getPassword
2020/04/26 20:19:37.983 [default task-2] DEBUG interceptor.LogInterceptor 終了：getPassword
2020/04/26 20:19:39.767 [default task-2] DEBUG interceptor.LogInterceptor 開始：getEmailAddress
2020/04/26 20:19:39.768 [default task-2] DEBUG interceptor.LogInterceptor 終了：getEmailAddress
2020/04/26 20:19:39.770 [default task-2] DEBUG interceptor.LogInterceptor 開始：getPassword
2020/04/26 20:19:39.771 [default task-2] DEBUG interceptor.LogInterceptor 終了：getPassword
2020/04/26 20:19:39.774 [default task-2] DEBUG interceptor.LogInterceptor 開始：setEmailAddress
2020/04/26 20:19:39.775 [default task-2] DEBUG interceptor.LogInterceptor 
2020/04/26 20:19:39.776 [default task-2] DEBUG interceptor.LogInterceptor 終了：setEmailAddress
2020/04/26 20:19:39.777 [default task-2] DEBUG interceptor.LogInterceptor 開始：setPassword
2020/04/26 20:19:39.778 [default task-2] DEBUG interceptor.LogInterceptor 
2020/04/26 20:19:39.778 [default task-2] DEBUG interceptor.LogInterceptor 終了：setPassword
2020/04/26 20:19:39.781 [default task-2] DEBUG interceptor.LogInterceptor 開始：goSignupPage
2020/04/26 20:19:46.180 [default task-2] DEBUG interceptor.RedirectInterceptor リクエスト：HttpServletRequestImpl [ POST /sample-webapp-jsf/login.xhtml ]
2020/04/26 20:19:49.874 [default task-2] DEBUG interceptor.RedirectInterceptor レスポンス：io.undertow.servlet.spec.HttpServletResponseImpl@3e22891f
2020/04/26 20:19:49.875 [default task-2] DEBUG interceptor.RedirectInterceptor リダイレクトのパラメータ付与：signup?faces-redirect=true
2020/04/26 20:19:49.877 [default task-2] DEBUG interceptor.LogInterceptor 終了：goSignupPage
2020/04/26 20:19:49.954 [default task-2] DEBUG interceptor.LogInterceptor 開始：getEmailAddress
2020/04/26 20:19:49.955 [default task-2] DEBUG interceptor.LogInterceptor 終了：getEmailAddress
2020/04/26 20:19:49.957 [default task-2] DEBUG interceptor.LogInterceptor 開始：getName
2020/04/26 20:19:49.958 [default task-2] DEBUG interceptor.LogInterceptor 終了：getName
2020/04/26 20:19:49.962 [default task-2] DEBUG interceptor.LogInterceptor 開始：getPassword
2020/04/26 20:19:49.963 [default task-2] DEBUG interceptor.LogInterceptor 終了：getPassword
2020/04/26 20:19:54.393 [default task-2] DEBUG interceptor.LogInterceptor 開始：getEmailAddress
2020/04/26 20:19:54.394 [default task-2] DEBUG interceptor.LogInterceptor 終了：getEmailAddress
2020/04/26 20:19:54.396 [default task-2] DEBUG interceptor.LogInterceptor 開始：getName
2020/04/26 20:19:54.397 [default task-2] DEBUG interceptor.LogInterceptor 終了：getName
2020/04/26 20:19:54.398 [default task-2] DEBUG interceptor.LogInterceptor 開始：getPassword
2020/04/26 20:19:54.399 [default task-2] DEBUG interceptor.LogInterceptor 終了：getPassword
2020/04/26 20:19:54.400 [default task-2] DEBUG interceptor.LogInterceptor 開始：setEmailAddress
2020/04/26 20:19:54.401 [default task-2] DEBUG interceptor.LogInterceptor 
2020/04/26 20:19:54.402 [default task-2] DEBUG interceptor.LogInterceptor 終了：setEmailAddress
2020/04/26 20:19:54.403 [default task-2] DEBUG interceptor.LogInterceptor 開始：setName
2020/04/26 20:19:54.403 [default task-2] DEBUG interceptor.LogInterceptor 
2020/04/26 20:19:54.404 [default task-2] DEBUG interceptor.LogInterceptor 終了：setName
2020/04/26 20:19:54.406 [default task-2] DEBUG interceptor.LogInterceptor 開始：setPassword
2020/04/26 20:19:54.407 [default task-2] DEBUG interceptor.LogInterceptor 
2020/04/26 20:19:54.408 [default task-2] DEBUG interceptor.LogInterceptor 終了：setPassword
2020/04/26 20:19:54.411 [default task-2] DEBUG interceptor.LogInterceptor 開始：switchTraceMode
2020/04/26 20:20:08.831 [default task-2] DEBUG interceptor.LogInterceptor 終了：switchTraceMode
2020/04/26 20:20:08.843 [default task-2] DEBUG interceptor.LogInterceptor 開始：getEmailAddress
2020/04/26 20:20:08.845 [default task-2] DEBUG interceptor.LogInterceptor 終了：getEmailAddress
2020/04/26 20:20:08.847 [default task-2] DEBUG interceptor.LogInterceptor 開始：getName
2020/04/26 20:20:08.849 [default task-2] DEBUG interceptor.LogInterceptor 終了：getName
2020/04/26 20:20:08.851 [default task-2] DEBUG interceptor.LogInterceptor 開始：getPassword
2020/04/26 20:20:08.852 [default task-2] DEBUG interceptor.LogInterceptor 終了：getPassword
2020/04/26 20:33:10.919 [default task-1] DEBUG interceptor.LogInterceptor 開始：viewAction
2020/04/26 20:33:10.922 [default task-1] DEBUG interceptor.LogInterceptor 終了：viewAction
2020/04/26 20:33:11.019 [default task-1] DEBUG interceptor.LogInterceptor 開始：preRender
2020/04/26 20:33:11.060 [default task-1] DEBUG interceptor.LogInterceptor 終了：preRender
2020/04/26 20:33:11.111 [default task-1] DEBUG interceptor.LogInterceptor 開始：getInfoMessage
2020/04/26 20:33:11.112 [default task-1] DEBUG interceptor.LogInterceptor 終了：getInfoMessage
2020/04/26 20:33:11.120 [default task-1] DEBUG interceptor.LogInterceptor 開始：getEmailAddress
2020/04/26 20:33:11.121 [default task-1] DEBUG interceptor.LogInterceptor 終了：getEmailAddress
2020/04/26 20:33:11.129 [default task-1] DEBUG interceptor.LogInterceptor 開始：getPassword
2020/04/26 20:33:11.131 [default task-1] DEBUG interceptor.LogInterceptor 終了：getPassword
2020/04/26 20:33:12.566 [default task-1] DEBUG interceptor.LogInterceptor 開始：getEmailAddress
2020/04/26 20:33:12.567 [default task-1] DEBUG interceptor.LogInterceptor 終了：getEmailAddress
2020/04/26 20:33:12.570 [default task-1] DEBUG interceptor.LogInterceptor 開始：getPassword
2020/04/26 20:33:12.572 [default task-1] DEBUG interceptor.LogInterceptor 終了：getPassword
2020/04/26 20:33:12.574 [default task-1] DEBUG interceptor.LogInterceptor 開始：setEmailAddress
2020/04/26 20:33:12.576 [default task-1] DEBUG interceptor.LogInterceptor 
2020/04/26 20:33:12.577 [default task-1] DEBUG interceptor.LogInterceptor 終了：setEmailAddress
2020/04/26 20:33:12.578 [default task-1] DEBUG interceptor.LogInterceptor 開始：setPassword
2020/04/26 20:33:12.579 [default task-1] DEBUG interceptor.LogInterceptor 
2020/04/26 20:33:12.580 [default task-1] DEBUG interceptor.LogInterceptor 終了：setPassword
2020/04/26 20:33:12.582 [default task-1] DEBUG interceptor.LogInterceptor 開始：goSignupPage
2020/04/26 20:33:12.583 [default task-1] DEBUG interceptor.RedirectInterceptor リクエスト：HttpServletRequestImpl [ POST /sample-webapp-jsf/login.xhtml ]
2020/04/26 20:33:12.584 [default task-1] DEBUG interceptor.RedirectInterceptor レスポンス：io.undertow.servlet.spec.HttpServletResponseImpl@1c7dea74
2020/04/26 20:33:12.586 [default task-1] DEBUG interceptor.RedirectInterceptor リダイレクトのパラメータ付与：signup?faces-redirect=true
2020/04/26 20:33:12.588 [default task-1] DEBUG interceptor.LogInterceptor 終了：goSignupPage
2020/04/26 20:33:12.644 [default task-1] DEBUG interceptor.LogInterceptor 開始：getEmailAddress
2020/04/26 20:33:12.645 [default task-1] DEBUG interceptor.LogInterceptor 終了：getEmailAddress
2020/04/26 20:33:12.647 [default task-1] DEBUG interceptor.LogInterceptor 開始：getName
2020/04/26 20:33:12.648 [default task-1] DEBUG interceptor.LogInterceptor 終了：getName
2020/04/26 20:33:12.650 [default task-1] DEBUG interceptor.LogInterceptor 開始：getPassword
2020/04/26 20:33:12.652 [default task-1] DEBUG interceptor.LogInterceptor 終了：getPassword
2020/04/26 20:33:23.265 [default task-1] DEBUG interceptor.LogInterceptor 開始：getEmailAddress
2020/04/26 20:33:23.267 [default task-1] DEBUG interceptor.LogInterceptor 終了：getEmailAddress
2020/04/26 20:33:23.269 [default task-1] DEBUG interceptor.LogInterceptor 開始：getName
2020/04/26 20:33:23.270 [default task-1] DEBUG interceptor.LogInterceptor 終了：getName
2020/04/26 20:33:23.272 [default task-1] DEBUG interceptor.LogInterceptor 開始：getPassword
2020/04/26 20:33:23.272 [default task-1] DEBUG interceptor.LogInterceptor 終了：getPassword
2020/04/26 20:33:23.274 [default task-1] DEBUG interceptor.LogInterceptor 開始：setEmailAddress
2020/04/26 20:33:23.275 [default task-1] DEBUG interceptor.LogInterceptor hoge7@hoge
2020/04/26 20:33:23.275 [default task-1] DEBUG interceptor.LogInterceptor 終了：setEmailAddress
2020/04/26 20:33:23.276 [default task-1] DEBUG interceptor.LogInterceptor 開始：setName
2020/04/26 20:33:23.277 [default task-1] DEBUG interceptor.LogInterceptor hoge
2020/04/26 20:33:23.278 [default task-1] DEBUG interceptor.LogInterceptor 終了：setName
2020/04/26 20:33:23.279 [default task-1] DEBUG interceptor.LogInterceptor 開始：setPassword
2020/04/26 20:33:23.279 [default task-1] DEBUG interceptor.LogInterceptor hoge
2020/04/26 20:33:23.280 [default task-1] DEBUG interceptor.LogInterceptor 終了：setPassword
2020/04/26 20:33:23.282 [default task-1] DEBUG interceptor.LogInterceptor 開始：switchTestMode
2020/04/26 20:33:23.283 [default task-1] DEBUG interceptor.LogInterceptor 終了：switchTestMode
2020/04/26 20:33:23.294 [default task-1] DEBUG interceptor.LogInterceptor 開始：getEmailAddress
2020/04/26 20:33:23.295 [default task-1] DEBUG interceptor.LogInterceptor 終了：getEmailAddress
2020/04/26 20:33:23.298 [default task-1] DEBUG interceptor.LogInterceptor 開始：getName
2020/04/26 20:33:23.299 [default task-1] DEBUG interceptor.LogInterceptor 終了：getName
2020/04/26 20:33:23.302 [default task-1] DEBUG interceptor.LogInterceptor 開始：getPassword
2020/04/26 20:33:23.303 [default task-1] DEBUG interceptor.LogInterceptor 終了：getPassword
2020/04/26 20:33:30.153 [default task-1] DEBUG interceptor.LogInterceptor 開始：getEmailAddress
2020/04/26 20:33:30.154 [default task-1] DEBUG interceptor.LogInterceptor 終了：getEmailAddress
2020/04/26 20:33:30.156 [default task-1] DEBUG interceptor.LogInterceptor 開始：getName
2020/04/26 20:33:30.157 [default task-1] DEBUG interceptor.LogInterceptor 終了：getName
2020/04/26 20:33:30.162 [default task-1] DEBUG interceptor.LogInterceptor 開始：getPassword
2020/04/26 20:33:30.163 [default task-1] DEBUG interceptor.LogInterceptor 終了：getPassword
2020/04/26 20:33:30.164 [default task-1] DEBUG interceptor.LogInterceptor 開始：setEmailAddress
2020/04/26 20:33:30.165 [default task-1] DEBUG interceptor.LogInterceptor hoge7@hoge
2020/04/26 20:33:30.166 [default task-1] DEBUG interceptor.LogInterceptor 終了：setEmailAddress
2020/04/26 20:33:30.167 [default task-1] DEBUG interceptor.LogInterceptor 開始：setName
2020/04/26 20:33:30.167 [default task-1] DEBUG interceptor.LogInterceptor hoge
2020/04/26 20:33:30.168 [default task-1] DEBUG interceptor.LogInterceptor 終了：setName
2020/04/26 20:33:30.169 [default task-1] DEBUG interceptor.LogInterceptor 開始：setPassword
2020/04/26 20:33:30.170 [default task-1] DEBUG interceptor.LogInterceptor hoge
2020/04/26 20:33:30.171 [default task-1] DEBUG interceptor.LogInterceptor 終了：setPassword
2020/04/26 20:33:30.176 [default task-1] DEBUG interceptor.LogInterceptor 開始：signupUserWithJpa
2020/04/26 20:33:30.753 [default task-1] DEBUG interceptor.LogInterceptor 終了：signupUserWithJpa
2020/04/26 20:33:30.777 [default task-1] DEBUG interceptor.LogInterceptor 開始：preRender
2020/04/26 20:33:30.828 [default task-1] DEBUG interceptor.LogInterceptor 終了：preRender
2020/04/26 20:33:30.831 [default task-1] DEBUG interceptor.LogInterceptor 開始：getInfoMessage
2020/04/26 20:33:30.832 [default task-1] DEBUG interceptor.LogInterceptor 終了：getInfoMessage
2020/04/26 20:33:30.834 [default task-1] DEBUG interceptor.LogInterceptor 開始：getEmailAddress
2020/04/26 20:33:30.836 [default task-1] DEBUG interceptor.LogInterceptor 終了：getEmailAddress
2020/04/26 20:33:30.871 [default task-1] DEBUG interceptor.LogInterceptor 開始：getPassword
2020/04/26 20:33:30.872 [default task-1] DEBUG interceptor.LogInterceptor 終了：getPassword
2020/04/26 20:41:20.195 [default task-1] DEBUG interceptor.LogInterceptor 開始：viewAction
2020/04/26 20:41:20.220 [default task-1] DEBUG interceptor.LogInterceptor 終了：viewAction
2020/04/26 20:41:20.391 [default task-1] DEBUG interceptor.LogInterceptor 開始：preRender
2020/04/26 20:41:20.394 [default task-1] DEBUG interceptor.LogInterceptor 終了：preRender
2020/04/26 20:41:20.465 [default task-1] DEBUG interceptor.LogInterceptor 開始：getInfoMessage
2020/04/26 20:41:20.466 [default task-1] DEBUG interceptor.LogInterceptor 終了：getInfoMessage
2020/04/26 20:41:20.476 [default task-1] DEBUG interceptor.LogInterceptor 開始：getEmailAddress
2020/04/26 20:41:20.477 [default task-1] DEBUG interceptor.LogInterceptor 終了：getEmailAddress
2020/04/26 20:41:20.490 [default task-1] DEBUG interceptor.LogInterceptor 開始：getPassword
2020/04/26 20:41:20.492 [default task-1] DEBUG interceptor.LogInterceptor 終了：getPassword
2020/04/26 20:41:21.545 [default task-1] DEBUG interceptor.LogInterceptor 開始：getEmailAddress
2020/04/26 20:41:21.546 [default task-1] DEBUG interceptor.LogInterceptor 終了：getEmailAddress
2020/04/26 20:41:21.548 [default task-1] DEBUG interceptor.LogInterceptor 開始：getPassword
2020/04/26 20:41:21.549 [default task-1] DEBUG interceptor.LogInterceptor 終了：getPassword
2020/04/26 20:41:21.551 [default task-1] DEBUG interceptor.LogInterceptor 開始：setEmailAddress
2020/04/26 20:41:21.552 [default task-1] DEBUG interceptor.LogInterceptor 
2020/04/26 20:41:21.553 [default task-1] DEBUG interceptor.LogInterceptor 終了：setEmailAddress
2020/04/26 20:41:21.555 [default task-1] DEBUG interceptor.LogInterceptor 開始：setPassword
2020/04/26 20:41:21.555 [default task-1] DEBUG interceptor.LogInterceptor 
2020/04/26 20:41:21.556 [default task-1] DEBUG interceptor.LogInterceptor 終了：setPassword
2020/04/26 20:41:21.558 [default task-1] DEBUG interceptor.LogInterceptor 開始：goSignupPage
2020/04/26 20:41:21.559 [default task-1] DEBUG interceptor.RedirectInterceptor リクエスト：HttpServletRequestImpl [ POST /sample-webapp-jsf/login.xhtml ]
2020/04/26 20:41:21.560 [default task-1] DEBUG interceptor.RedirectInterceptor レスポンス：io.undertow.servlet.spec.HttpServletResponseImpl@48e3272f
2020/04/26 20:41:21.561 [default task-1] DEBUG interceptor.RedirectInterceptor リダイレクトのパラメータ付与：signup?faces-redirect=true
2020/04/26 20:41:21.562 [default task-1] DEBUG interceptor.LogInterceptor 終了：goSignupPage
2020/04/26 20:41:21.623 [default task-1] DEBUG interceptor.LogInterceptor 開始：getEmailAddress
2020/04/26 20:41:21.624 [default task-1] DEBUG interceptor.LogInterceptor 終了：getEmailAddress
2020/04/26 20:41:21.626 [default task-1] DEBUG interceptor.LogInterceptor 開始：getName
2020/04/26 20:41:21.627 [default task-1] DEBUG interceptor.LogInterceptor 終了：getName
2020/04/26 20:41:21.629 [default task-1] DEBUG interceptor.LogInterceptor 開始：getPassword
2020/04/26 20:41:21.631 [default task-1] DEBUG interceptor.LogInterceptor 終了：getPassword
2020/04/26 20:41:30.453 [default task-1] DEBUG interceptor.LogInterceptor 開始：getEmailAddress
2020/04/26 20:41:30.454 [default task-1] DEBUG interceptor.LogInterceptor 終了：getEmailAddress
2020/04/26 20:41:30.455 [default task-1] DEBUG interceptor.LogInterceptor 開始：getName
2020/04/26 20:41:30.456 [default task-1] DEBUG interceptor.LogInterceptor 終了：getName
2020/04/26 20:41:30.457 [default task-1] DEBUG interceptor.LogInterceptor 開始：getPassword
2020/04/26 20:41:30.458 [default task-1] DEBUG interceptor.LogInterceptor 終了：getPassword
2020/04/26 20:41:30.460 [default task-1] DEBUG interceptor.LogInterceptor 開始：setEmailAddress
2020/04/26 20:41:30.461 [default task-1] DEBUG interceptor.LogInterceptor hoge11@hoge
2020/04/26 20:41:30.461 [default task-1] DEBUG interceptor.LogInterceptor 終了：setEmailAddress
2020/04/26 20:41:30.462 [default task-1] DEBUG interceptor.LogInterceptor 開始：setName
2020/04/26 20:41:30.463 [default task-1] DEBUG interceptor.LogInterceptor hoge
2020/04/26 20:41:30.464 [default task-1] DEBUG interceptor.LogInterceptor 終了：setName
2020/04/26 20:41:30.465 [default task-1] DEBUG interceptor.LogInterceptor 開始：setPassword
2020/04/26 20:41:30.467 [default task-1] DEBUG interceptor.LogInterceptor hoge
2020/04/26 20:41:30.468 [default task-1] DEBUG interceptor.LogInterceptor 終了：setPassword
2020/04/26 20:41:30.471 [default task-1] DEBUG interceptor.LogInterceptor 開始：switchTestMode
2020/04/26 20:41:38.868 [default task-1] DEBUG interceptor.LogInterceptor 開始：toString
2020/04/26 20:41:45.715 [default task-1] DEBUG interceptor.LogInterceptor 開始：toString
2020/04/26 20:41:50.599 [default task-1] DEBUG interceptor.LogInterceptor 開始：toString
2020/04/26 20:41:50.601 [default task-1] DEBUG interceptor.LogInterceptor 開始：toString
2020/04/26 20:49:25.755 [default task-1] DEBUG interceptor.LogInterceptor 開始：viewAction
2020/04/26 20:49:25.759 [default task-1] DEBUG interceptor.LogInterceptor 終了：viewAction
2020/04/26 20:49:25.897 [default task-1] DEBUG interceptor.LogInterceptor 開始：preRender
2020/04/26 20:49:25.948 [default task-1] DEBUG interceptor.LogInterceptor 終了：preRender
2020/04/26 20:49:26.045 [default task-1] DEBUG interceptor.LogInterceptor 開始：getInfoMessage
2020/04/26 20:49:26.046 [default task-1] DEBUG interceptor.LogInterceptor 終了：getInfoMessage
2020/04/26 20:49:26.059 [default task-1] DEBUG interceptor.LogInterceptor 開始：getEmailAddress
2020/04/26 20:49:26.062 [default task-1] DEBUG interceptor.LogInterceptor 終了：getEmailAddress
2020/04/26 20:49:26.074 [default task-1] DEBUG interceptor.LogInterceptor 開始：getPassword
2020/04/26 20:49:26.075 [default task-1] DEBUG interceptor.LogInterceptor 終了：getPassword
2020/04/26 20:49:27.964 [default task-1] DEBUG interceptor.LogInterceptor 開始：getEmailAddress
2020/04/26 20:49:27.964 [default task-1] DEBUG interceptor.LogInterceptor 終了：getEmailAddress
2020/04/26 20:49:27.966 [default task-1] DEBUG interceptor.LogInterceptor 開始：getPassword
2020/04/26 20:49:27.967 [default task-1] DEBUG interceptor.LogInterceptor 終了：getPassword
2020/04/26 20:49:27.970 [default task-1] DEBUG interceptor.LogInterceptor 開始：setEmailAddress
2020/04/26 20:49:27.971 [default task-1] DEBUG interceptor.LogInterceptor 
2020/04/26 20:49:27.971 [default task-1] DEBUG interceptor.LogInterceptor 終了：setEmailAddress
2020/04/26 20:49:27.972 [default task-1] DEBUG interceptor.LogInterceptor 開始：setPassword
2020/04/26 20:49:27.973 [default task-1] DEBUG interceptor.LogInterceptor 
2020/04/26 20:49:27.974 [default task-1] DEBUG interceptor.LogInterceptor 終了：setPassword
2020/04/26 20:49:27.976 [default task-1] DEBUG interceptor.LogInterceptor 開始：goSignupPage
2020/04/26 20:49:27.977 [default task-1] DEBUG interceptor.RedirectInterceptor リクエスト：HttpServletRequestImpl [ POST /sample-webapp-jsf/login.xhtml ]
2020/04/26 20:49:27.978 [default task-1] DEBUG interceptor.RedirectInterceptor レスポンス：io.undertow.servlet.spec.HttpServletResponseImpl@5f548b01
2020/04/26 20:49:27.979 [default task-1] DEBUG interceptor.RedirectInterceptor リダイレクトのパラメータ付与：signup?faces-redirect=true
2020/04/26 20:49:27.980 [default task-1] DEBUG interceptor.LogInterceptor 終了：goSignupPage
2020/04/26 20:49:28.064 [default task-1] DEBUG interceptor.LogInterceptor 開始：getEmailAddress
2020/04/26 20:49:28.065 [default task-1] DEBUG interceptor.LogInterceptor 終了：getEmailAddress
2020/04/26 20:49:28.067 [default task-1] DEBUG interceptor.LogInterceptor 開始：getName
2020/04/26 20:49:28.069 [default task-1] DEBUG interceptor.LogInterceptor 終了：getName
2020/04/26 20:49:28.072 [default task-1] DEBUG interceptor.LogInterceptor 開始：getPassword
2020/04/26 20:49:28.074 [default task-1] DEBUG interceptor.LogInterceptor 終了：getPassword
2020/04/26 20:49:30.814 [default task-1] DEBUG interceptor.LogInterceptor 開始：getEmailAddress
2020/04/26 20:49:30.815 [default task-1] DEBUG interceptor.LogInterceptor 終了：getEmailAddress
2020/04/26 20:49:30.816 [default task-1] DEBUG interceptor.LogInterceptor 開始：getName
2020/04/26 20:49:30.817 [default task-1] DEBUG interceptor.LogInterceptor 終了：getName
2020/04/26 20:49:30.820 [default task-1] DEBUG interceptor.LogInterceptor 開始：getPassword
2020/04/26 20:49:30.822 [default task-1] DEBUG interceptor.LogInterceptor 終了：getPassword
2020/04/26 20:49:30.824 [default task-1] DEBUG interceptor.LogInterceptor 開始：setEmailAddress
2020/04/26 20:49:30.825 [default task-1] DEBUG interceptor.LogInterceptor 
2020/04/26 20:49:30.826 [default task-1] DEBUG interceptor.LogInterceptor 終了：setEmailAddress
2020/04/26 20:49:30.827 [default task-1] DEBUG interceptor.LogInterceptor 開始：setName
2020/04/26 20:49:30.828 [default task-1] DEBUG interceptor.LogInterceptor 
2020/04/26 20:49:30.830 [default task-1] DEBUG interceptor.LogInterceptor 終了：setName
2020/04/26 20:49:30.830 [default task-1] DEBUG interceptor.LogInterceptor 開始：setPassword
2020/04/26 20:49:30.832 [default task-1] DEBUG interceptor.LogInterceptor 
2020/04/26 20:49:30.832 [default task-1] DEBUG interceptor.LogInterceptor 終了：setPassword
2020/04/26 20:49:30.835 [default task-1] DEBUG interceptor.LogInterceptor 開始：switchTestMode
2020/04/26 20:49:30.837 [default task-1] DEBUG interceptor.LogInterceptor 終了：switchTestMode
2020/04/26 20:49:30.844 [default task-1] DEBUG interceptor.LogInterceptor 開始：getEmailAddress
2020/04/26 20:49:30.845 [default task-1] DEBUG interceptor.LogInterceptor 終了：getEmailAddress
2020/04/26 20:49:30.847 [default task-1] DEBUG interceptor.LogInterceptor 開始：getName
2020/04/26 20:49:30.848 [default task-1] DEBUG interceptor.LogInterceptor 終了：getName
2020/04/26 20:49:30.851 [default task-1] DEBUG interceptor.LogInterceptor 開始：getPassword
2020/04/26 20:49:30.852 [default task-1] DEBUG interceptor.LogInterceptor 終了：getPassword
2020/04/26 20:49:30.868 [default task-1] DEBUG interceptor.LogInterceptor 開始：toString
2020/04/26 20:49:30.869 [default task-1] DEBUG interceptor.LogInterceptor 終了：toString
2020/04/26 20:49:30.873 [default task-1] DEBUG interceptor.LogInterceptor 開始：toString
2020/04/26 20:49:30.875 [default task-1] DEBUG interceptor.LogInterceptor 終了：toString
2020/04/26 20:49:40.714 [default task-1] DEBUG interceptor.LogInterceptor 開始：getEmailAddress
2020/04/26 20:49:40.715 [default task-1] DEBUG interceptor.LogInterceptor 終了：getEmailAddress
2020/04/26 20:49:40.718 [default task-1] DEBUG interceptor.LogInterceptor 開始：getName
2020/04/26 20:49:40.719 [default task-1] DEBUG interceptor.LogInterceptor 終了：getName
2020/04/26 20:49:40.726 [default task-1] DEBUG interceptor.LogInterceptor 開始：getPassword
2020/04/26 20:49:40.726 [default task-1] DEBUG interceptor.LogInterceptor 終了：getPassword
2020/04/26 20:49:40.728 [default task-1] DEBUG interceptor.LogInterceptor 開始：setEmailAddress
2020/04/26 20:49:40.729 [default task-1] DEBUG interceptor.LogInterceptor hoge8@hoge
2020/04/26 20:49:40.730 [default task-1] DEBUG interceptor.LogInterceptor 終了：setEmailAddress
2020/04/26 20:49:40.731 [default task-1] DEBUG interceptor.LogInterceptor 開始：setName
2020/04/26 20:49:40.732 [default task-1] DEBUG interceptor.LogInterceptor hoge
2020/04/26 20:49:40.732 [default task-1] DEBUG interceptor.LogInterceptor 終了：setName
2020/04/26 20:49:40.734 [default task-1] DEBUG interceptor.LogInterceptor 開始：setPassword
2020/04/26 20:49:40.736 [default task-1] DEBUG interceptor.LogInterceptor hoge
2020/04/26 20:49:40.737 [default task-1] DEBUG interceptor.LogInterceptor 終了：setPassword
2020/04/26 20:49:40.744 [default task-1] DEBUG interceptor.LogInterceptor 開始：signupUserWithJpa
2020/04/26 20:49:41.732 [default task-1] DEBUG interceptor.LogInterceptor 終了：signupUserWithJpa
2020/04/26 20:49:41.765 [default task-1] DEBUG interceptor.LogInterceptor 開始：preRender
2020/04/26 20:49:42.050 [default task-1] DEBUG interceptor.LogInterceptor 開始：toString
2020/04/26 20:49:42.051 [default task-1] DEBUG interceptor.LogInterceptor 終了：toString
2020/04/26 20:49:42.054 [default task-1] DEBUG interceptor.LogInterceptor 開始：toString
2020/04/26 20:49:42.055 [default task-1] DEBUG interceptor.LogInterceptor 終了：toString
2020/04/26 20:50:10.608 [default task-1] DEBUG interceptor.LogInterceptor 開始：viewAction
2020/04/26 20:50:10.611 [default task-1] DEBUG interceptor.LogInterceptor 終了：viewAction
2020/04/26 20:50:10.622 [default task-1] DEBUG interceptor.LogInterceptor 開始：preRender
2020/04/26 20:50:44.531 [default task-1] DEBUG interceptor.LogInterceptor 開始：toString
2020/04/26 20:50:44.533 [default task-1] DEBUG interceptor.LogInterceptor 終了：toString
2020/04/26 20:52:45.793 [default task-1] DEBUG interceptor.LogInterceptor 開始：viewAction
2020/04/26 20:52:45.796 [default task-1] DEBUG interceptor.LogInterceptor 終了：viewAction
2020/04/26 20:52:45.937 [default task-1] DEBUG interceptor.LogInterceptor 開始：preRender
2020/04/26 20:52:45.939 [default task-1] DEBUG interceptor.LogInterceptor 終了：preRender
2020/04/26 20:52:46.052 [default task-1] DEBUG interceptor.LogInterceptor 開始：getInfoMessage
2020/04/26 20:52:46.054 [default task-1] DEBUG interceptor.LogInterceptor 終了：getInfoMessage
2020/04/26 20:52:46.065 [default task-1] DEBUG interceptor.LogInterceptor 開始：getEmailAddress
2020/04/26 20:52:46.067 [default task-1] DEBUG interceptor.LogInterceptor 終了：getEmailAddress
2020/04/26 20:52:46.075 [default task-1] DEBUG interceptor.LogInterceptor 開始：getPassword
2020/04/26 20:52:46.077 [default task-1] DEBUG interceptor.LogInterceptor 終了：getPassword
2020/04/26 20:52:47.964 [default task-1] DEBUG interceptor.LogInterceptor 開始：getEmailAddress
2020/04/26 20:52:47.965 [default task-1] DEBUG interceptor.LogInterceptor 終了：getEmailAddress
2020/04/26 20:52:47.968 [default task-1] DEBUG interceptor.LogInterceptor 開始：getPassword
2020/04/26 20:52:47.969 [default task-1] DEBUG interceptor.LogInterceptor 終了：getPassword
2020/04/26 20:52:47.971 [default task-1] DEBUG interceptor.LogInterceptor 開始：setEmailAddress
2020/04/26 20:52:47.972 [default task-1] DEBUG interceptor.LogInterceptor 
2020/04/26 20:52:47.973 [default task-1] DEBUG interceptor.LogInterceptor 終了：setEmailAddress
2020/04/26 20:52:47.975 [default task-1] DEBUG interceptor.LogInterceptor 開始：setPassword
2020/04/26 20:52:47.977 [default task-1] DEBUG interceptor.LogInterceptor 
2020/04/26 20:52:47.978 [default task-1] DEBUG interceptor.LogInterceptor 終了：setPassword
2020/04/26 20:52:47.980 [default task-1] DEBUG interceptor.LogInterceptor 開始：goSignupPage
2020/04/26 20:52:47.982 [default task-1] DEBUG interceptor.RedirectInterceptor リクエスト：HttpServletRequestImpl [ POST /sample-webapp-jsf/login.xhtml ]
2020/04/26 20:52:47.983 [default task-1] DEBUG interceptor.RedirectInterceptor レスポンス：io.undertow.servlet.spec.HttpServletResponseImpl@41424f84
2020/04/26 20:52:47.984 [default task-1] DEBUG interceptor.RedirectInterceptor リダイレクトのパラメータ付与：signup?faces-redirect=true
2020/04/26 20:52:47.985 [default task-1] DEBUG interceptor.LogInterceptor 終了：goSignupPage
2020/04/26 20:52:48.069 [default task-1] DEBUG interceptor.LogInterceptor 開始：getEmailAddress
2020/04/26 20:52:48.071 [default task-1] DEBUG interceptor.LogInterceptor 終了：getEmailAddress
2020/04/26 20:52:48.073 [default task-1] DEBUG interceptor.LogInterceptor 開始：getName
2020/04/26 20:52:48.075 [default task-1] DEBUG interceptor.LogInterceptor 終了：getName
2020/04/26 20:52:48.078 [default task-1] DEBUG interceptor.LogInterceptor 開始：getPassword
2020/04/26 20:52:48.080 [default task-1] DEBUG interceptor.LogInterceptor 終了：getPassword
2020/04/26 20:52:49.854 [default task-1] DEBUG interceptor.LogInterceptor 開始：getEmailAddress
2020/04/26 20:52:49.854 [default task-1] DEBUG interceptor.LogInterceptor 終了：getEmailAddress
2020/04/26 20:52:49.855 [default task-1] DEBUG interceptor.LogInterceptor 開始：getName
2020/04/26 20:52:49.856 [default task-1] DEBUG interceptor.LogInterceptor 終了：getName
2020/04/26 20:52:49.859 [default task-1] DEBUG interceptor.LogInterceptor 開始：getPassword
2020/04/26 20:52:49.860 [default task-1] DEBUG interceptor.LogInterceptor 終了：getPassword
2020/04/26 20:52:49.862 [default task-1] DEBUG interceptor.LogInterceptor 開始：setEmailAddress
2020/04/26 20:52:49.863 [default task-1] DEBUG interceptor.LogInterceptor 
2020/04/26 20:52:49.863 [default task-1] DEBUG interceptor.LogInterceptor 終了：setEmailAddress
2020/04/26 20:52:49.864 [default task-1] DEBUG interceptor.LogInterceptor 開始：setName
2020/04/26 20:52:49.865 [default task-1] DEBUG interceptor.LogInterceptor 
2020/04/26 20:52:49.866 [default task-1] DEBUG interceptor.LogInterceptor 終了：setName
2020/04/26 20:52:49.867 [default task-1] DEBUG interceptor.LogInterceptor 開始：setPassword
2020/04/26 20:52:49.868 [default task-1] DEBUG interceptor.LogInterceptor 
2020/04/26 20:52:49.868 [default task-1] DEBUG interceptor.LogInterceptor 終了：setPassword
2020/04/26 20:52:49.871 [default task-1] DEBUG interceptor.LogInterceptor 開始：switchTestMode
2020/04/26 20:52:49.876 [default task-1] DEBUG interceptor.LogInterceptor 終了：switchTestMode
2020/04/26 20:52:49.883 [default task-1] DEBUG interceptor.LogInterceptor 開始：getEmailAddress
2020/04/26 20:52:49.884 [default task-1] DEBUG interceptor.LogInterceptor 終了：getEmailAddress
2020/04/26 20:52:49.887 [default task-1] DEBUG interceptor.LogInterceptor 開始：getName
2020/04/26 20:52:49.888 [default task-1] DEBUG interceptor.LogInterceptor 終了：getName
2020/04/26 20:52:49.891 [default task-1] DEBUG interceptor.LogInterceptor 開始：getPassword
2020/04/26 20:52:49.892 [default task-1] DEBUG interceptor.LogInterceptor 終了：getPassword
2020/04/26 20:52:59.092 [default task-1] DEBUG interceptor.LogInterceptor 開始：getEmailAddress
2020/04/26 20:52:59.094 [default task-1] DEBUG interceptor.LogInterceptor 終了：getEmailAddress
2020/04/26 20:52:59.095 [default task-1] DEBUG interceptor.LogInterceptor 開始：getName
2020/04/26 20:52:59.097 [default task-1] DEBUG interceptor.LogInterceptor 終了：getName
2020/04/26 20:52:59.103 [default task-1] DEBUG interceptor.LogInterceptor 開始：getPassword
2020/04/26 20:52:59.104 [default task-1] DEBUG interceptor.LogInterceptor 終了：getPassword
2020/04/26 20:52:59.106 [default task-1] DEBUG interceptor.LogInterceptor 開始：setEmailAddress
2020/04/26 20:52:59.107 [default task-1] DEBUG interceptor.LogInterceptor hoge10@hoge
2020/04/26 20:52:59.108 [default task-1] DEBUG interceptor.LogInterceptor 終了：setEmailAddress
2020/04/26 20:52:59.110 [default task-1] DEBUG interceptor.LogInterceptor 開始：setName
2020/04/26 20:52:59.111 [default task-1] DEBUG interceptor.LogInterceptor hgoe
2020/04/26 20:52:59.112 [default task-1] DEBUG interceptor.LogInterceptor 終了：setName
2020/04/26 20:52:59.113 [default task-1] DEBUG interceptor.LogInterceptor 開始：setPassword
2020/04/26 20:52:59.114 [default task-1] DEBUG interceptor.LogInterceptor hoge
2020/04/26 20:52:59.115 [default task-1] DEBUG interceptor.LogInterceptor 終了：setPassword
2020/04/26 20:52:59.124 [default task-1] DEBUG interceptor.LogInterceptor 開始：signupUserWithJpa
2020/04/26 20:53:17.127 [default task-1] DEBUG interceptor.LogInterceptor 開始：getEmailAddress
2020/04/26 20:53:17.128 [default task-1] DEBUG interceptor.LogInterceptor 終了：getEmailAddress
2020/04/26 20:53:17.130 [default task-1] DEBUG interceptor.LogInterceptor 開始：getName
2020/04/26 20:53:17.131 [default task-1] DEBUG interceptor.LogInterceptor 終了：getName
2020/04/26 20:53:17.133 [default task-1] DEBUG interceptor.LogInterceptor 開始：getPassword
2020/04/26 20:53:17.134 [default task-1] DEBUG interceptor.LogInterceptor 終了：getPassword
2020/04/26 20:53:18.003 [default task-1] DEBUG interceptor.LogInterceptor 開始：viewAction
2020/04/26 20:53:18.007 [default task-1] DEBUG interceptor.LogInterceptor 終了：viewAction
2020/04/26 20:53:18.014 [default task-1] DEBUG interceptor.LogInterceptor 開始：preRender
2020/04/26 20:53:18.016 [default task-1] DEBUG interceptor.LogInterceptor 終了：preRender
2020/04/26 20:53:18.019 [default task-1] DEBUG interceptor.LogInterceptor 開始：getInfoMessage
2020/04/26 20:53:18.019 [default task-1] DEBUG interceptor.LogInterceptor 終了：getInfoMessage
2020/04/26 20:53:18.021 [default task-1] DEBUG interceptor.LogInterceptor 開始：getEmailAddress
2020/04/26 20:53:18.023 [default task-1] DEBUG interceptor.LogInterceptor 終了：getEmailAddress
2020/04/26 20:53:18.026 [default task-1] DEBUG interceptor.LogInterceptor 開始：getPassword
2020/04/26 20:53:18.028 [default task-1] DEBUG interceptor.LogInterceptor 終了：getPassword
2020/04/26 20:53:19.453 [default task-1] DEBUG interceptor.LogInterceptor 開始：getEmailAddress
2020/04/26 20:53:19.455 [default task-1] DEBUG interceptor.LogInterceptor 終了：getEmailAddress
2020/04/26 20:53:19.458 [default task-1] DEBUG interceptor.LogInterceptor 開始：getPassword
2020/04/26 20:53:19.460 [default task-1] DEBUG interceptor.LogInterceptor 終了：getPassword
2020/04/26 20:53:19.461 [default task-1] DEBUG interceptor.LogInterceptor 開始：setEmailAddress
2020/04/26 20:53:19.462 [default task-1] DEBUG interceptor.LogInterceptor 
2020/04/26 20:53:19.463 [default task-1] DEBUG interceptor.LogInterceptor 終了：setEmailAddress
2020/04/26 20:53:19.463 [default task-1] DEBUG interceptor.LogInterceptor 開始：setPassword
2020/04/26 20:53:19.464 [default task-1] DEBUG interceptor.LogInterceptor 
2020/04/26 20:53:19.465 [default task-1] DEBUG interceptor.LogInterceptor 終了：setPassword
2020/04/26 20:53:19.468 [default task-1] DEBUG interceptor.LogInterceptor 開始：goSignupPage
2020/04/26 20:53:19.469 [default task-1] DEBUG interceptor.RedirectInterceptor リクエスト：HttpServletRequestImpl [ POST /sample-webapp-jsf/login.xhtml ]
2020/04/26 20:53:19.471 [default task-1] DEBUG interceptor.RedirectInterceptor レスポンス：io.undertow.servlet.spec.HttpServletResponseImpl@5f037d63
2020/04/26 20:53:19.472 [default task-1] DEBUG interceptor.RedirectInterceptor リダイレクトのパラメータ付与：signup?faces-redirect=true
2020/04/26 20:53:19.472 [default task-1] DEBUG interceptor.LogInterceptor 終了：goSignupPage
2020/04/26 20:53:19.492 [default task-1] DEBUG interceptor.LogInterceptor 開始：getEmailAddress
2020/04/26 20:53:19.492 [default task-1] DEBUG interceptor.LogInterceptor 終了：getEmailAddress
2020/04/26 20:53:19.494 [default task-1] DEBUG interceptor.LogInterceptor 開始：getName
2020/04/26 20:53:19.495 [default task-1] DEBUG interceptor.LogInterceptor 終了：getName
2020/04/26 20:53:19.498 [default task-1] DEBUG interceptor.LogInterceptor 開始：getPassword
2020/04/26 20:53:19.499 [default task-1] DEBUG interceptor.LogInterceptor 終了：getPassword
2020/04/26 20:53:26.541 [default task-1] DEBUG interceptor.LogInterceptor 開始：getEmailAddress
2020/04/26 20:53:26.542 [default task-1] DEBUG interceptor.LogInterceptor 終了：getEmailAddress
2020/04/26 20:53:26.544 [default task-1] DEBUG interceptor.LogInterceptor 開始：getName
2020/04/26 20:53:26.545 [default task-1] DEBUG interceptor.LogInterceptor 終了：getName
2020/04/26 20:53:26.547 [default task-1] DEBUG interceptor.LogInterceptor 開始：getPassword
2020/04/26 20:53:26.549 [default task-1] DEBUG interceptor.LogInterceptor 終了：getPassword
2020/04/26 20:53:26.551 [default task-1] DEBUG interceptor.LogInterceptor 開始：setEmailAddress
2020/04/26 20:53:26.552 [default task-1] DEBUG interceptor.LogInterceptor hoge10@hoge
2020/04/26 20:53:26.553 [default task-1] DEBUG interceptor.LogInterceptor 終了：setEmailAddress
2020/04/26 20:53:26.554 [default task-1] DEBUG interceptor.LogInterceptor 開始：setName
2020/04/26 20:53:26.555 [default task-1] DEBUG interceptor.LogInterceptor hoge
2020/04/26 20:53:26.556 [default task-1] DEBUG interceptor.LogInterceptor 終了：setName
2020/04/26 20:53:26.557 [default task-1] DEBUG interceptor.LogInterceptor 開始：setPassword
2020/04/26 20:53:26.558 [default task-1] DEBUG interceptor.LogInterceptor hoge
2020/04/26 20:53:26.558 [default task-1] DEBUG interceptor.LogInterceptor 終了：setPassword
2020/04/26 20:53:26.560 [default task-1] DEBUG interceptor.LogInterceptor 開始：signupUserWithJpa
2020/04/26 21:00:52.263 [default task-1] DEBUG interceptor.LogInterceptor 開始：viewAction
2020/04/26 21:00:52.266 [default task-1] DEBUG interceptor.LogInterceptor 終了：viewAction
2020/04/26 21:00:52.432 [default task-1] DEBUG interceptor.LogInterceptor 開始：preRender
2020/04/26 21:00:52.435 [default task-1] DEBUG interceptor.LogInterceptor 終了：preRender
2020/04/26 21:00:52.532 [default task-1] DEBUG interceptor.LogInterceptor 開始：getInfoMessage
2020/04/26 21:00:52.533 [default task-1] DEBUG interceptor.LogInterceptor 終了：getInfoMessage
2020/04/26 21:00:52.542 [default task-1] DEBUG interceptor.LogInterceptor 開始：getEmailAddress
2020/04/26 21:00:52.544 [default task-1] DEBUG interceptor.LogInterceptor 終了：getEmailAddress
2020/04/26 21:00:52.552 [default task-1] DEBUG interceptor.LogInterceptor 開始：getPassword
2020/04/26 21:00:52.553 [default task-1] DEBUG interceptor.LogInterceptor 終了：getPassword
2020/04/26 21:00:53.697 [default task-1] DEBUG interceptor.LogInterceptor 開始：getEmailAddress
2020/04/26 21:00:53.698 [default task-1] DEBUG interceptor.LogInterceptor 終了：getEmailAddress
2020/04/26 21:00:53.701 [default task-1] DEBUG interceptor.LogInterceptor 開始：getPassword
2020/04/26 21:00:53.702 [default task-1] DEBUG interceptor.LogInterceptor 終了：getPassword
2020/04/26 21:00:53.706 [default task-1] DEBUG interceptor.LogInterceptor 開始：setEmailAddress
2020/04/26 21:00:53.707 [default task-1] DEBUG interceptor.LogInterceptor 
2020/04/26 21:00:53.708 [default task-1] DEBUG interceptor.LogInterceptor 終了：setEmailAddress
2020/04/26 21:00:53.710 [default task-1] DEBUG interceptor.LogInterceptor 開始：setPassword
2020/04/26 21:00:53.711 [default task-1] DEBUG interceptor.LogInterceptor 
2020/04/26 21:00:53.713 [default task-1] DEBUG interceptor.LogInterceptor 終了：setPassword
2020/04/26 21:00:53.717 [default task-1] DEBUG interceptor.LogInterceptor 開始：goSignupPage
2020/04/26 21:00:53.718 [default task-1] DEBUG interceptor.RedirectInterceptor リクエスト：HttpServletRequestImpl [ POST /sample-webapp-jsf/login.xhtml ]
2020/04/26 21:00:53.720 [default task-1] DEBUG interceptor.RedirectInterceptor レスポンス：io.undertow.servlet.spec.HttpServletResponseImpl@1e7f50a9
2020/04/26 21:00:53.722 [default task-1] DEBUG interceptor.RedirectInterceptor リダイレクトのパラメータ付与：signup?faces-redirect=true
2020/04/26 21:00:53.723 [default task-1] DEBUG interceptor.LogInterceptor 終了：goSignupPage
2020/04/26 21:00:53.795 [default task-1] DEBUG interceptor.LogInterceptor 開始：getEmailAddress
2020/04/26 21:00:53.796 [default task-1] DEBUG interceptor.LogInterceptor 終了：getEmailAddress
2020/04/26 21:00:53.799 [default task-1] DEBUG interceptor.LogInterceptor 開始：getName
2020/04/26 21:00:53.801 [default task-1] DEBUG interceptor.LogInterceptor 終了：getName
2020/04/26 21:00:53.804 [default task-1] DEBUG interceptor.LogInterceptor 開始：getPassword
2020/04/26 21:00:53.805 [default task-1] DEBUG interceptor.LogInterceptor 終了：getPassword
2020/04/26 21:01:00.302 [default task-1] DEBUG interceptor.LogInterceptor 開始：getEmailAddress
2020/04/26 21:01:00.303 [default task-1] DEBUG interceptor.LogInterceptor 終了：getEmailAddress
2020/04/26 21:01:00.304 [default task-1] DEBUG interceptor.LogInterceptor 開始：getName
2020/04/26 21:01:00.305 [default task-1] DEBUG interceptor.LogInterceptor 終了：getName
2020/04/26 21:01:00.306 [default task-1] DEBUG interceptor.LogInterceptor 開始：getPassword
2020/04/26 21:01:00.307 [default task-1] DEBUG interceptor.LogInterceptor 終了：getPassword
2020/04/26 21:01:00.308 [default task-1] DEBUG interceptor.LogInterceptor 開始：setEmailAddress
2020/04/26 21:01:00.310 [default task-1] DEBUG interceptor.LogInterceptor hoge11@hoge
2020/04/26 21:01:00.310 [default task-1] DEBUG interceptor.LogInterceptor 終了：setEmailAddress
2020/04/26 21:01:00.312 [default task-1] DEBUG interceptor.LogInterceptor 開始：setName
2020/04/26 21:01:00.312 [default task-1] DEBUG interceptor.LogInterceptor hoge
2020/04/26 21:01:00.313 [default task-1] DEBUG interceptor.LogInterceptor 終了：setName
2020/04/26 21:01:00.314 [default task-1] DEBUG interceptor.LogInterceptor 開始：setPassword
2020/04/26 21:01:00.315 [default task-1] DEBUG interceptor.LogInterceptor hoge
2020/04/26 21:01:00.316 [default task-1] DEBUG interceptor.LogInterceptor 終了：setPassword
2020/04/26 21:01:00.319 [default task-1] DEBUG interceptor.LogInterceptor 開始：switchTestMode
2020/04/26 21:01:00.321 [default task-1] DEBUG interceptor.LogInterceptor 終了：switchTestMode
2020/04/26 21:01:00.329 [default task-1] DEBUG interceptor.LogInterceptor 開始：getEmailAddress
2020/04/26 21:01:00.330 [default task-1] DEBUG interceptor.LogInterceptor 終了：getEmailAddress
2020/04/26 21:01:00.331 [default task-1] DEBUG interceptor.LogInterceptor 開始：getName
2020/04/26 21:01:00.332 [default task-1] DEBUG interceptor.LogInterceptor 終了：getName
2020/04/26 21:01:00.334 [default task-1] DEBUG interceptor.LogInterceptor 開始：getPassword
2020/04/26 21:01:00.335 [default task-1] DEBUG interceptor.LogInterceptor 終了：getPassword
2020/04/26 21:01:03.648 [default task-1] DEBUG interceptor.LogInterceptor 開始：getEmailAddress
2020/04/26 21:01:03.650 [default task-1] DEBUG interceptor.LogInterceptor 終了：getEmailAddress
2020/04/26 21:01:03.652 [default task-1] DEBUG interceptor.LogInterceptor 開始：getName
2020/04/26 21:01:03.653 [default task-1] DEBUG interceptor.LogInterceptor 終了：getName
2020/04/26 21:01:03.661 [default task-1] DEBUG interceptor.LogInterceptor 開始：getPassword
2020/04/26 21:01:03.663 [default task-1] DEBUG interceptor.LogInterceptor 終了：getPassword
2020/04/26 21:01:03.665 [default task-1] DEBUG interceptor.LogInterceptor 開始：setEmailAddress
2020/04/26 21:01:03.666 [default task-1] DEBUG interceptor.LogInterceptor hoge11@hoge
2020/04/26 21:01:03.667 [default task-1] DEBUG interceptor.LogInterceptor 終了：setEmailAddress
2020/04/26 21:01:03.668 [default task-1] DEBUG interceptor.LogInterceptor 開始：setName
2020/04/26 21:01:03.669 [default task-1] DEBUG interceptor.LogInterceptor hoge
2020/04/26 21:01:03.670 [default task-1] DEBUG interceptor.LogInterceptor 終了：setName
2020/04/26 21:01:03.671 [default task-1] DEBUG interceptor.LogInterceptor 開始：setPassword
2020/04/26 21:01:03.673 [default task-1] DEBUG interceptor.LogInterceptor hoge
2020/04/26 21:01:03.673 [default task-1] DEBUG interceptor.LogInterceptor 終了：setPassword
2020/04/26 21:01:03.682 [default task-1] DEBUG interceptor.LogInterceptor 開始：signupUserWithJpa
2020/04/26 21:01:09.886 [default task-1] DEBUG interceptor.LogInterceptor 終了：signupUserWithJpa
2020/04/26 21:01:09.902 [default task-1] DEBUG interceptor.LogInterceptor 開始：preRender
2020/04/26 21:01:09.905 [default task-1] DEBUG interceptor.LogInterceptor 終了：preRender
2020/04/26 21:01:09.909 [default task-1] DEBUG interceptor.LogInterceptor 開始：getInfoMessage
2020/04/26 21:01:09.910 [default task-1] DEBUG interceptor.LogInterceptor 終了：getInfoMessage
2020/04/26 21:01:09.913 [default task-1] DEBUG interceptor.LogInterceptor 開始：getEmailAddress
2020/04/26 21:01:09.914 [default task-1] DEBUG interceptor.LogInterceptor 終了：getEmailAddress
2020/04/26 21:01:09.916 [default task-1] DEBUG interceptor.LogInterceptor 開始：getPassword
2020/04/26 21:01:09.917 [default task-1] DEBUG interceptor.LogInterceptor 終了：getPassword
2020/04/26 21:01:28.546 [default task-1] DEBUG interceptor.LogInterceptor 開始：getEmailAddress
2020/04/26 21:01:28.546 [default task-1] DEBUG interceptor.LogInterceptor 終了：getEmailAddress
2020/04/26 21:01:28.547 [default task-1] DEBUG interceptor.LogInterceptor 開始：getPassword
2020/04/26 21:01:28.548 [default task-1] DEBUG interceptor.LogInterceptor 終了：getPassword
2020/04/26 21:01:28.549 [default task-1] DEBUG interceptor.LogInterceptor 開始：setEmailAddress
2020/04/26 21:01:28.550 [default task-1] DEBUG interceptor.LogInterceptor 
2020/04/26 21:01:28.551 [default task-1] DEBUG interceptor.LogInterceptor 終了：setEmailAddress
2020/04/26 21:01:28.552 [default task-1] DEBUG interceptor.LogInterceptor 開始：setPassword
2020/04/26 21:01:28.553 [default task-1] DEBUG interceptor.LogInterceptor 
2020/04/26 21:01:28.554 [default task-1] DEBUG interceptor.LogInterceptor 終了：setPassword
2020/04/26 21:01:28.557 [default task-1] DEBUG interceptor.LogInterceptor 開始：goSignupPage
2020/04/26 21:01:28.559 [default task-1] DEBUG interceptor.RedirectInterceptor リクエスト：HttpServletRequestImpl [ POST /sample-webapp-jsf/login.xhtml ]
2020/04/26 21:01:28.560 [default task-1] DEBUG interceptor.RedirectInterceptor レスポンス：io.undertow.servlet.spec.HttpServletResponseImpl@f6599b8
2020/04/26 21:01:28.562 [default task-1] DEBUG interceptor.RedirectInterceptor リダイレクトのパラメータ付与：signup?faces-redirect=true
2020/04/26 21:01:28.563 [default task-1] DEBUG interceptor.LogInterceptor 終了：goSignupPage
2020/04/26 21:01:28.583 [default task-1] DEBUG interceptor.LogInterceptor 開始：getEmailAddress
2020/04/26 21:01:28.585 [default task-1] DEBUG interceptor.LogInterceptor 終了：getEmailAddress
2020/04/26 21:01:28.588 [default task-1] DEBUG interceptor.LogInterceptor 開始：getName
2020/04/26 21:01:28.590 [default task-1] DEBUG interceptor.LogInterceptor 終了：getName
2020/04/26 21:01:28.593 [default task-1] DEBUG interceptor.LogInterceptor 開始：getPassword
2020/04/26 21:01:28.594 [default task-1] DEBUG interceptor.LogInterceptor 終了：getPassword
2020/04/26 21:01:35.830 [default task-1] DEBUG interceptor.LogInterceptor 開始：getEmailAddress
2020/04/26 21:01:35.831 [default task-1] DEBUG interceptor.LogInterceptor 終了：getEmailAddress
2020/04/26 21:01:35.832 [default task-1] DEBUG interceptor.LogInterceptor 開始：getName
2020/04/26 21:01:35.833 [default task-1] DEBUG interceptor.LogInterceptor 終了：getName
2020/04/26 21:01:35.835 [default task-1] DEBUG interceptor.LogInterceptor 開始：getPassword
2020/04/26 21:01:35.835 [default task-1] DEBUG interceptor.LogInterceptor 終了：getPassword
2020/04/26 21:01:35.837 [default task-1] DEBUG interceptor.LogInterceptor 開始：setEmailAddress
2020/04/26 21:01:35.838 [default task-1] DEBUG interceptor.LogInterceptor hoge100@hoge
2020/04/26 21:01:35.840 [default task-1] DEBUG interceptor.LogInterceptor 終了：setEmailAddress
2020/04/26 21:01:35.842 [default task-1] DEBUG interceptor.LogInterceptor 開始：setName
2020/04/26 21:01:35.844 [default task-1] DEBUG interceptor.LogInterceptor hoge
2020/04/26 21:01:35.845 [default task-1] DEBUG interceptor.LogInterceptor 終了：setName
2020/04/26 21:01:35.846 [default task-1] DEBUG interceptor.LogInterceptor 開始：setPassword
2020/04/26 21:01:35.847 [default task-1] DEBUG interceptor.LogInterceptor hoge
2020/04/26 21:01:35.847 [default task-1] DEBUG interceptor.LogInterceptor 終了：setPassword
2020/04/26 21:01:35.850 [default task-1] DEBUG interceptor.LogInterceptor 開始：signupUserWithJpa
2020/04/26 21:01:38.876 [default task-1] DEBUG interceptor.LogInterceptor 終了：signupUserWithJpa
2020/04/26 21:01:38.888 [default task-1] DEBUG interceptor.LogInterceptor 開始：preRender
2020/04/26 21:01:38.891 [default task-1] DEBUG interceptor.LogInterceptor 終了：preRender
2020/04/26 21:01:38.896 [default task-1] DEBUG interceptor.LogInterceptor 開始：getInfoMessage
2020/04/26 21:01:38.897 [default task-1] DEBUG interceptor.LogInterceptor 終了：getInfoMessage
2020/04/26 21:01:38.900 [default task-1] DEBUG interceptor.LogInterceptor 開始：getEmailAddress
2020/04/26 21:01:38.901 [default task-1] DEBUG interceptor.LogInterceptor 終了：getEmailAddress
2020/04/26 21:01:38.904 [default task-1] DEBUG interceptor.LogInterceptor 開始：getPassword
2020/04/26 21:01:38.905 [default task-1] DEBUG interceptor.LogInterceptor 終了：getPassword
2020/04/26 21:03:47.089 [default task-2] DEBUG interceptor.LogInterceptor 開始：viewAction
2020/04/26 21:03:47.093 [default task-2] DEBUG interceptor.LogInterceptor 終了：viewAction
2020/04/26 21:03:47.349 [default task-2] DEBUG interceptor.LogInterceptor 開始：preRender
2020/04/26 21:03:47.351 [default task-2] DEBUG interceptor.LogInterceptor 終了：preRender
2020/04/26 21:03:47.450 [default task-2] DEBUG interceptor.LogInterceptor 開始：getInfoMessage
2020/04/26 21:03:47.452 [default task-2] DEBUG interceptor.LogInterceptor 終了：getInfoMessage
2020/04/26 21:03:47.469 [default task-2] DEBUG interceptor.LogInterceptor 開始：getEmailAddress
2020/04/26 21:03:47.474 [default task-2] DEBUG interceptor.LogInterceptor 終了：getEmailAddress
2020/04/26 21:03:47.486 [default task-2] DEBUG interceptor.LogInterceptor 開始：getPassword
2020/04/26 21:03:47.491 [default task-2] DEBUG interceptor.LogInterceptor 終了：getPassword
2020/04/26 21:03:49.262 [default task-2] DEBUG interceptor.LogInterceptor 開始：getEmailAddress
2020/04/26 21:03:49.263 [default task-2] DEBUG interceptor.LogInterceptor 終了：getEmailAddress
2020/04/26 21:03:49.265 [default task-2] DEBUG interceptor.LogInterceptor 開始：getPassword
2020/04/26 21:03:49.266 [default task-2] DEBUG interceptor.LogInterceptor 終了：getPassword
2020/04/26 21:03:49.268 [default task-2] DEBUG interceptor.LogInterceptor 開始：setEmailAddress
2020/04/26 21:03:49.269 [default task-2] DEBUG interceptor.LogInterceptor 
2020/04/26 21:03:49.270 [default task-2] DEBUG interceptor.LogInterceptor 終了：setEmailAddress
2020/04/26 21:03:49.272 [default task-2] DEBUG interceptor.LogInterceptor 開始：setPassword
2020/04/26 21:03:49.273 [default task-2] DEBUG interceptor.LogInterceptor 
2020/04/26 21:03:49.274 [default task-2] DEBUG interceptor.LogInterceptor 終了：setPassword
2020/04/26 21:03:49.277 [default task-2] DEBUG interceptor.LogInterceptor 開始：goSignupPage
2020/04/26 21:03:49.278 [default task-2] DEBUG interceptor.RedirectInterceptor リクエスト：HttpServletRequestImpl [ POST /sample-webapp-jsf/login.xhtml ]
2020/04/26 21:03:49.280 [default task-2] DEBUG interceptor.RedirectInterceptor レスポンス：io.undertow.servlet.spec.HttpServletResponseImpl@36d1c1f
2020/04/26 21:03:49.281 [default task-2] DEBUG interceptor.RedirectInterceptor リダイレクトのパラメータ付与：signup?faces-redirect=true
2020/04/26 21:03:49.282 [default task-2] DEBUG interceptor.LogInterceptor 終了：goSignupPage
2020/04/26 21:03:49.359 [default task-2] DEBUG interceptor.LogInterceptor 開始：getEmailAddress
2020/04/26 21:03:49.360 [default task-2] DEBUG interceptor.LogInterceptor 終了：getEmailAddress
2020/04/26 21:03:49.362 [default task-2] DEBUG interceptor.LogInterceptor 開始：getName
2020/04/26 21:03:49.363 [default task-2] DEBUG interceptor.LogInterceptor 終了：getName
2020/04/26 21:03:49.368 [default task-2] DEBUG interceptor.LogInterceptor 開始：getPassword
2020/04/26 21:03:49.370 [default task-2] DEBUG interceptor.LogInterceptor 終了：getPassword
2020/04/26 21:04:00.179 [default task-2] DEBUG interceptor.LogInterceptor 開始：getEmailAddress
2020/04/26 21:04:00.181 [default task-2] DEBUG interceptor.LogInterceptor 終了：getEmailAddress
2020/04/26 21:04:00.183 [default task-2] DEBUG interceptor.LogInterceptor 開始：getName
2020/04/26 21:04:00.184 [default task-2] DEBUG interceptor.LogInterceptor 終了：getName
2020/04/26 21:04:00.192 [default task-2] DEBUG interceptor.LogInterceptor 開始：getPassword
2020/04/26 21:04:00.193 [default task-2] DEBUG interceptor.LogInterceptor 終了：getPassword
2020/04/26 21:04:00.195 [default task-2] DEBUG interceptor.LogInterceptor 開始：setEmailAddress
2020/04/26 21:04:00.197 [default task-2] DEBUG interceptor.LogInterceptor hoge9@hoge
2020/04/26 21:04:00.198 [default task-2] DEBUG interceptor.LogInterceptor 終了：setEmailAddress
2020/04/26 21:04:00.200 [default task-2] DEBUG interceptor.LogInterceptor 開始：setName
2020/04/26 21:04:00.201 [default task-2] DEBUG interceptor.LogInterceptor hoge
2020/04/26 21:04:00.203 [default task-2] DEBUG interceptor.LogInterceptor 終了：setName
2020/04/26 21:04:00.204 [default task-2] DEBUG interceptor.LogInterceptor 開始：setPassword
2020/04/26 21:04:00.206 [default task-2] DEBUG interceptor.LogInterceptor hoge
2020/04/26 21:04:00.207 [default task-2] DEBUG interceptor.LogInterceptor 終了：setPassword
2020/04/26 21:04:00.215 [default task-2] DEBUG interceptor.LogInterceptor 開始：signupUserWithJpa
2020/04/26 21:04:00.790 [default task-2] DEBUG interceptor.LogInterceptor 終了：signupUserWithJpa
2020/04/26 21:04:00.824 [default task-2] DEBUG interceptor.LogInterceptor 開始：preRender
2020/04/26 21:04:00.825 [default task-2] DEBUG interceptor.LogInterceptor 終了：preRender
2020/04/26 21:04:00.829 [default task-2] DEBUG interceptor.LogInterceptor 開始：getInfoMessage
2020/04/26 21:04:00.830 [default task-2] DEBUG interceptor.LogInterceptor 終了：getInfoMessage
2020/04/26 21:04:00.832 [default task-2] DEBUG interceptor.LogInterceptor 開始：getEmailAddress
2020/04/26 21:04:00.833 [default task-2] DEBUG interceptor.LogInterceptor 終了：getEmailAddress
2020/04/26 21:04:00.835 [default task-2] DEBUG interceptor.LogInterceptor 開始：getPassword
2020/04/26 21:04:00.837 [default task-2] DEBUG interceptor.LogInterceptor 終了：getPassword
2020/04/26 21:04:07.855 [default task-2] DEBUG interceptor.LogInterceptor 開始：getEmailAddress
2020/04/26 21:04:07.856 [default task-2] DEBUG interceptor.LogInterceptor 終了：getEmailAddress
2020/04/26 21:04:07.857 [default task-2] DEBUG interceptor.LogInterceptor 開始：getPassword
2020/04/26 21:04:07.859 [default task-2] DEBUG interceptor.LogInterceptor 終了：getPassword
2020/04/26 21:04:07.860 [default task-2] DEBUG interceptor.LogInterceptor 開始：setEmailAddress
2020/04/26 21:04:07.861 [default task-2] DEBUG interceptor.LogInterceptor 
2020/04/26 21:04:07.862 [default task-2] DEBUG interceptor.LogInterceptor 終了：setEmailAddress
2020/04/26 21:04:07.863 [default task-2] DEBUG interceptor.LogInterceptor 開始：setPassword
2020/04/26 21:04:07.863 [default task-2] DEBUG interceptor.LogInterceptor 
2020/04/26 21:04:07.864 [default task-2] DEBUG interceptor.LogInterceptor 終了：setPassword
2020/04/26 21:04:07.866 [default task-2] DEBUG interceptor.LogInterceptor 開始：goSignupPage
2020/04/26 21:04:07.868 [default task-2] DEBUG interceptor.RedirectInterceptor リクエスト：HttpServletRequestImpl [ POST /sample-webapp-jsf/login.xhtml ]
2020/04/26 21:04:07.869 [default task-2] DEBUG interceptor.RedirectInterceptor レスポンス：io.undertow.servlet.spec.HttpServletResponseImpl@24817059
2020/04/26 21:04:07.870 [default task-2] DEBUG interceptor.RedirectInterceptor リダイレクトのパラメータ付与：signup?faces-redirect=true
2020/04/26 21:04:07.871 [default task-2] DEBUG interceptor.LogInterceptor 終了：goSignupPage
2020/04/26 21:04:07.890 [default task-2] DEBUG interceptor.LogInterceptor 開始：getEmailAddress
2020/04/26 21:04:07.890 [default task-2] DEBUG interceptor.LogInterceptor 終了：getEmailAddress
2020/04/26 21:04:07.892 [default task-2] DEBUG interceptor.LogInterceptor 開始：getName
2020/04/26 21:04:07.893 [default task-2] DEBUG interceptor.LogInterceptor 終了：getName
2020/04/26 21:04:07.894 [default task-2] DEBUG interceptor.LogInterceptor 開始：getPassword
2020/04/26 21:04:07.895 [default task-2] DEBUG interceptor.LogInterceptor 終了：getPassword
2020/04/26 21:04:08.799 [default task-2] DEBUG interceptor.LogInterceptor 開始：getEmailAddress
2020/04/26 21:04:08.799 [default task-2] DEBUG interceptor.LogInterceptor 終了：getEmailAddress
2020/04/26 21:04:08.801 [default task-2] DEBUG interceptor.LogInterceptor 開始：getName
2020/04/26 21:04:08.803 [default task-2] DEBUG interceptor.LogInterceptor 終了：getName
2020/04/26 21:04:08.804 [default task-2] DEBUG interceptor.LogInterceptor 開始：getPassword
2020/04/26 21:04:08.805 [default task-2] DEBUG interceptor.LogInterceptor 終了：getPassword
2020/04/26 21:04:08.806 [default task-2] DEBUG interceptor.LogInterceptor 開始：setEmailAddress
2020/04/26 21:04:08.807 [default task-2] DEBUG interceptor.LogInterceptor 
2020/04/26 21:04:08.808 [default task-2] DEBUG interceptor.LogInterceptor 終了：setEmailAddress
2020/04/26 21:04:08.809 [default task-2] DEBUG interceptor.LogInterceptor 開始：setName
2020/04/26 21:04:08.810 [default task-2] DEBUG interceptor.LogInterceptor 
2020/04/26 21:04:08.810 [default task-2] DEBUG interceptor.LogInterceptor 終了：setName
2020/04/26 21:04:08.811 [default task-2] DEBUG interceptor.LogInterceptor 開始：setPassword
2020/04/26 21:04:08.812 [default task-2] DEBUG interceptor.LogInterceptor 
2020/04/26 21:04:08.812 [default task-2] DEBUG interceptor.LogInterceptor 終了：setPassword
2020/04/26 21:04:08.815 [default task-2] DEBUG interceptor.LogInterceptor 開始：switchTestMode
2020/04/26 21:04:08.817 [default task-2] DEBUG interceptor.LogInterceptor 終了：switchTestMode
2020/04/26 21:04:08.823 [default task-2] DEBUG interceptor.LogInterceptor 開始：getEmailAddress
2020/04/26 21:04:08.824 [default task-2] DEBUG interceptor.LogInterceptor 終了：getEmailAddress
2020/04/26 21:04:08.825 [default task-2] DEBUG interceptor.LogInterceptor 開始：getName
2020/04/26 21:04:08.826 [default task-2] DEBUG interceptor.LogInterceptor 終了：getName
2020/04/26 21:04:08.827 [default task-2] DEBUG interceptor.LogInterceptor 開始：getPassword
2020/04/26 21:04:08.827 [default task-2] DEBUG interceptor.LogInterceptor 終了：getPassword
2020/04/26 21:04:17.792 [default task-2] DEBUG interceptor.LogInterceptor 開始：getEmailAddress
2020/04/26 21:04:17.792 [default task-2] DEBUG interceptor.LogInterceptor 終了：getEmailAddress
2020/04/26 21:04:17.793 [default task-2] DEBUG interceptor.LogInterceptor 開始：getName
2020/04/26 21:04:17.794 [default task-2] DEBUG interceptor.LogInterceptor 終了：getName
2020/04/26 21:04:17.795 [default task-2] DEBUG interceptor.LogInterceptor 開始：getPassword
2020/04/26 21:04:17.796 [default task-2] DEBUG interceptor.LogInterceptor 終了：getPassword
2020/04/26 21:04:17.797 [default task-2] DEBUG interceptor.LogInterceptor 開始：setEmailAddress
2020/04/26 21:04:17.798 [default task-2] DEBUG interceptor.LogInterceptor hoge10@hoge
2020/04/26 21:04:17.798 [default task-2] DEBUG interceptor.LogInterceptor 終了：setEmailAddress
2020/04/26 21:04:17.799 [default task-2] DEBUG interceptor.LogInterceptor 開始：setName
2020/04/26 21:04:17.800 [default task-2] DEBUG interceptor.LogInterceptor hoge
2020/04/26 21:04:17.802 [default task-2] DEBUG interceptor.LogInterceptor 終了：setName
2020/04/26 21:04:17.804 [default task-2] DEBUG interceptor.LogInterceptor 開始：setPassword
2020/04/26 21:04:17.805 [default task-2] DEBUG interceptor.LogInterceptor jpge
2020/04/26 21:04:17.807 [default task-2] DEBUG interceptor.LogInterceptor 終了：setPassword
2020/04/26 21:04:17.809 [default task-2] DEBUG interceptor.LogInterceptor 開始：signupUserWithJpa
2020/04/26 21:04:21.152 [default task-2] DEBUG interceptor.LogInterceptor 終了：signupUserWithJpa
2020/04/26 21:04:21.162 [default task-2] DEBUG interceptor.LogInterceptor 開始：preRender
2020/04/26 21:04:21.163 [default task-2] DEBUG interceptor.LogInterceptor 終了：preRender
2020/04/26 21:04:21.168 [default task-2] DEBUG interceptor.LogInterceptor 開始：getInfoMessage
2020/04/26 21:04:21.169 [default task-2] DEBUG interceptor.LogInterceptor 終了：getInfoMessage
2020/04/26 21:04:21.172 [default task-2] DEBUG interceptor.LogInterceptor 開始：getEmailAddress
2020/04/26 21:04:21.173 [default task-2] DEBUG interceptor.LogInterceptor 終了：getEmailAddress
2020/04/26 21:04:21.174 [default task-2] DEBUG interceptor.LogInterceptor 開始：getPassword
2020/04/26 21:04:21.175 [default task-2] DEBUG interceptor.LogInterceptor 終了：getPassword
2020/04/26 21:04:33.651 [default task-2] DEBUG interceptor.LogInterceptor 開始：getEmailAddress
2020/04/26 21:04:33.651 [default task-2] DEBUG interceptor.LogInterceptor 終了：getEmailAddress
2020/04/26 21:04:33.653 [default task-2] DEBUG interceptor.LogInterceptor 開始：getPassword
2020/04/26 21:04:33.653 [default task-2] DEBUG interceptor.LogInterceptor 終了：getPassword
2020/04/26 21:04:33.654 [default task-2] DEBUG interceptor.LogInterceptor 開始：setEmailAddress
2020/04/26 21:04:33.655 [default task-2] DEBUG interceptor.LogInterceptor hoge10@hoge
2020/04/26 21:04:33.656 [default task-2] DEBUG interceptor.LogInterceptor 終了：setEmailAddress
2020/04/26 21:04:33.657 [default task-2] DEBUG interceptor.LogInterceptor 開始：setPassword
2020/04/26 21:04:33.657 [default task-2] DEBUG interceptor.LogInterceptor hoge
2020/04/26 21:04:33.658 [default task-2] DEBUG interceptor.LogInterceptor 終了：setPassword
2020/04/26 21:04:33.659 [default task-2] DEBUG interceptor.LogInterceptor 開始：goSignupPage
2020/04/26 21:04:33.660 [default task-2] DEBUG interceptor.RedirectInterceptor リクエスト：HttpServletRequestImpl [ POST /sample-webapp-jsf/login.xhtml ]
2020/04/26 21:04:33.661 [default task-2] DEBUG interceptor.RedirectInterceptor レスポンス：io.undertow.servlet.spec.HttpServletResponseImpl@2af8e105
2020/04/26 21:04:33.662 [default task-2] DEBUG interceptor.RedirectInterceptor リダイレクトのパラメータ付与：signup?faces-redirect=true
2020/04/26 21:04:33.664 [default task-2] DEBUG interceptor.LogInterceptor 終了：goSignupPage
2020/04/26 21:04:33.682 [default task-2] DEBUG interceptor.LogInterceptor 開始：getEmailAddress
2020/04/26 21:04:33.683 [default task-2] DEBUG interceptor.LogInterceptor 終了：getEmailAddress
2020/04/26 21:04:33.685 [default task-2] DEBUG interceptor.LogInterceptor 開始：getName
2020/04/26 21:04:33.686 [default task-2] DEBUG interceptor.LogInterceptor 終了：getName
2020/04/26 21:04:33.687 [default task-2] DEBUG interceptor.LogInterceptor 開始：getPassword
2020/04/26 21:04:33.688 [default task-2] DEBUG interceptor.LogInterceptor 終了：getPassword
2020/04/26 21:04:40.916 [default task-2] DEBUG interceptor.LogInterceptor 開始：getEmailAddress
2020/04/26 21:04:40.916 [default task-2] DEBUG interceptor.LogInterceptor 終了：getEmailAddress
2020/04/26 21:04:40.917 [default task-2] DEBUG interceptor.LogInterceptor 開始：getName
2020/04/26 21:04:40.918 [default task-2] DEBUG interceptor.LogInterceptor 終了：getName
2020/04/26 21:04:40.919 [default task-2] DEBUG interceptor.LogInterceptor 開始：getPassword
2020/04/26 21:04:40.920 [default task-2] DEBUG interceptor.LogInterceptor 終了：getPassword
2020/04/26 21:04:40.921 [default task-2] DEBUG interceptor.LogInterceptor 開始：setEmailAddress
2020/04/26 21:04:40.921 [default task-2] DEBUG interceptor.LogInterceptor hoge11@hoge
2020/04/26 21:04:40.922 [default task-2] DEBUG interceptor.LogInterceptor 終了：setEmailAddress
2020/04/26 21:04:40.922 [default task-2] DEBUG interceptor.LogInterceptor 開始：setName
2020/04/26 21:04:40.923 [default task-2] DEBUG interceptor.LogInterceptor hoge
2020/04/26 21:04:40.923 [default task-2] DEBUG interceptor.LogInterceptor 終了：setName
2020/04/26 21:04:40.924 [default task-2] DEBUG interceptor.LogInterceptor 開始：setPassword
2020/04/26 21:04:40.924 [default task-2] DEBUG interceptor.LogInterceptor hoge
2020/04/26 21:04:40.925 [default task-2] DEBUG interceptor.LogInterceptor 終了：setPassword
2020/04/26 21:04:40.926 [default task-2] DEBUG interceptor.LogInterceptor 開始：signupUser
2020/04/26 21:04:41.078 [default task-2] DEBUG interceptor.LogInterceptor 終了：signupUser
2020/04/26 21:04:41.086 [default task-2] DEBUG interceptor.LogInterceptor 開始：preRender
2020/04/26 21:04:41.087 [default task-2] DEBUG interceptor.LogInterceptor 終了：preRender
2020/04/26 21:04:41.090 [default task-2] DEBUG interceptor.LogInterceptor 開始：getInfoMessage
2020/04/26 21:04:41.090 [default task-2] DEBUG interceptor.LogInterceptor 終了：getInfoMessage
2020/04/26 21:04:41.091 [default task-2] DEBUG interceptor.LogInterceptor 開始：getEmailAddress
2020/04/26 21:04:41.092 [default task-2] DEBUG interceptor.LogInterceptor 終了：getEmailAddress
2020/04/26 21:04:41.093 [default task-2] DEBUG interceptor.LogInterceptor 開始：getPassword
2020/04/26 21:04:41.094 [default task-2] DEBUG interceptor.LogInterceptor 終了：getPassword
2020/04/26 21:05:36.853 [default task-1] DEBUG interceptor.LogInterceptor 開始：viewAction
2020/04/26 21:05:36.856 [default task-1] DEBUG interceptor.LogInterceptor 終了：viewAction
2020/04/26 21:05:36.865 [default task-1] DEBUG interceptor.LogInterceptor 開始：preRender
2020/04/26 21:05:36.867 [default task-1] DEBUG interceptor.LogInterceptor 終了：preRender
2020/04/26 21:05:36.885 [default task-1] DEBUG interceptor.LogInterceptor 開始：getInfoMessage
2020/04/26 21:05:36.887 [default task-1] DEBUG interceptor.LogInterceptor 終了：getInfoMessage
2020/04/26 21:05:36.897 [default task-1] DEBUG interceptor.LogInterceptor 開始：getEmailAddress
2020/04/26 21:05:36.899 [default task-1] DEBUG interceptor.LogInterceptor 終了：getEmailAddress
2020/04/26 21:05:36.907 [default task-1] DEBUG interceptor.LogInterceptor 開始：getPassword
2020/04/26 21:05:36.909 [default task-1] DEBUG interceptor.LogInterceptor 終了：getPassword
2020/04/26 21:05:38.349 [default task-1] DEBUG interceptor.LogInterceptor 開始：getEmailAddress
2020/04/26 21:05:38.350 [default task-1] DEBUG interceptor.LogInterceptor 終了：getEmailAddress
2020/04/26 21:05:38.352 [default task-1] DEBUG interceptor.LogInterceptor 開始：getPassword
2020/04/26 21:05:38.353 [default task-1] DEBUG interceptor.LogInterceptor 終了：getPassword
2020/04/26 21:05:38.357 [default task-1] DEBUG interceptor.LogInterceptor 開始：setEmailAddress
2020/04/26 21:05:38.359 [default task-1] DEBUG interceptor.LogInterceptor 
2020/04/26 21:05:38.361 [default task-1] DEBUG interceptor.LogInterceptor 終了：setEmailAddress
2020/04/26 21:05:38.362 [default task-1] DEBUG interceptor.LogInterceptor 開始：setPassword
2020/04/26 21:05:38.363 [default task-1] DEBUG interceptor.LogInterceptor 
2020/04/26 21:05:38.364 [default task-1] DEBUG interceptor.LogInterceptor 終了：setPassword
2020/04/26 21:05:38.367 [default task-1] DEBUG interceptor.LogInterceptor 開始：goSignupPage
2020/04/26 21:05:38.368 [default task-1] DEBUG interceptor.RedirectInterceptor リクエスト：HttpServletRequestImpl [ POST /sample-webapp-jsf/login.xhtml ]
2020/04/26 21:05:38.369 [default task-1] DEBUG interceptor.RedirectInterceptor レスポンス：io.undertow.servlet.spec.HttpServletResponseImpl@67f02464
2020/04/26 21:05:38.369 [default task-1] DEBUG interceptor.RedirectInterceptor リダイレクトのパラメータ付与：signup?faces-redirect=true
2020/04/26 21:05:38.370 [default task-1] DEBUG interceptor.LogInterceptor 終了：goSignupPage
2020/04/26 21:05:38.431 [default task-1] DEBUG interceptor.LogInterceptor 開始：getEmailAddress
2020/04/26 21:05:38.432 [default task-1] DEBUG interceptor.LogInterceptor 終了：getEmailAddress
2020/04/26 21:05:38.435 [default task-1] DEBUG interceptor.LogInterceptor 開始：getName
2020/04/26 21:05:38.439 [default task-1] DEBUG interceptor.LogInterceptor 終了：getName
2020/04/26 21:05:38.442 [default task-1] DEBUG interceptor.LogInterceptor 開始：getPassword
2020/04/26 21:05:38.443 [default task-1] DEBUG interceptor.LogInterceptor 終了：getPassword
2020/04/26 21:05:46.975 [default task-1] DEBUG interceptor.LogInterceptor 開始：getEmailAddress
2020/04/26 21:05:46.976 [default task-1] DEBUG interceptor.LogInterceptor 終了：getEmailAddress
2020/04/26 21:05:46.977 [default task-1] DEBUG interceptor.LogInterceptor 開始：getName
2020/04/26 21:05:46.978 [default task-1] DEBUG interceptor.LogInterceptor 終了：getName
2020/04/26 21:05:46.979 [default task-1] DEBUG interceptor.LogInterceptor 開始：getPassword
2020/04/26 21:05:46.980 [default task-1] DEBUG interceptor.LogInterceptor 終了：getPassword
2020/04/26 21:05:46.981 [default task-1] DEBUG interceptor.LogInterceptor 開始：setEmailAddress
2020/04/26 21:05:46.982 [default task-1] DEBUG interceptor.LogInterceptor hoge12@hoge
2020/04/26 21:05:46.983 [default task-1] DEBUG interceptor.LogInterceptor 終了：setEmailAddress
2020/04/26 21:05:46.983 [default task-1] DEBUG interceptor.LogInterceptor 開始：setName
2020/04/26 21:05:46.984 [default task-1] DEBUG interceptor.LogInterceptor hoge
2020/04/26 21:05:46.985 [default task-1] DEBUG interceptor.LogInterceptor 終了：setName
2020/04/26 21:05:46.986 [default task-1] DEBUG interceptor.LogInterceptor 開始：setPassword
2020/04/26 21:05:46.987 [default task-1] DEBUG interceptor.LogInterceptor hoge
2020/04/26 21:05:46.988 [default task-1] DEBUG interceptor.LogInterceptor 終了：setPassword
2020/04/26 21:05:46.992 [default task-1] DEBUG interceptor.LogInterceptor 開始：switchTestMode
2020/04/26 21:05:46.995 [default task-1] DEBUG interceptor.LogInterceptor 終了：switchTestMode
2020/04/26 21:05:47.005 [default task-1] DEBUG interceptor.LogInterceptor 開始：getEmailAddress
2020/04/26 21:05:47.007 [default task-1] DEBUG interceptor.LogInterceptor 終了：getEmailAddress
2020/04/26 21:05:47.009 [default task-1] DEBUG interceptor.LogInterceptor 開始：getName
2020/04/26 21:05:47.011 [default task-1] DEBUG interceptor.LogInterceptor 終了：getName
2020/04/26 21:05:47.013 [default task-1] DEBUG interceptor.LogInterceptor 開始：getPassword
2020/04/26 21:05:47.014 [default task-1] DEBUG interceptor.LogInterceptor 終了：getPassword
2020/04/26 21:05:50.687 [default task-1] DEBUG interceptor.LogInterceptor 開始：getEmailAddress
2020/04/26 21:05:50.689 [default task-1] DEBUG interceptor.LogInterceptor 終了：getEmailAddress
2020/04/26 21:05:50.691 [default task-1] DEBUG interceptor.LogInterceptor 開始：getName
2020/04/26 21:05:50.693 [default task-1] DEBUG interceptor.LogInterceptor 終了：getName
2020/04/26 21:05:50.701 [default task-1] DEBUG interceptor.LogInterceptor 開始：getPassword
2020/04/26 21:05:50.702 [default task-1] DEBUG interceptor.LogInterceptor 終了：getPassword
2020/04/26 21:05:50.705 [default task-1] DEBUG interceptor.LogInterceptor 開始：setEmailAddress
2020/04/26 21:05:50.707 [default task-1] DEBUG interceptor.LogInterceptor hoge12@hoge
2020/04/26 21:05:50.708 [default task-1] DEBUG interceptor.LogInterceptor 終了：setEmailAddress
2020/04/26 21:05:50.710 [default task-1] DEBUG interceptor.LogInterceptor 開始：setName
2020/04/26 21:05:50.711 [default task-1] DEBUG interceptor.LogInterceptor hoge
2020/04/26 21:05:50.712 [default task-1] DEBUG interceptor.LogInterceptor 終了：setName
2020/04/26 21:05:50.713 [default task-1] DEBUG interceptor.LogInterceptor 開始：setPassword
2020/04/26 21:05:50.714 [default task-1] DEBUG interceptor.LogInterceptor hoge
2020/04/26 21:05:50.716 [default task-1] DEBUG interceptor.LogInterceptor 終了：setPassword
2020/04/26 21:05:50.726 [default task-1] DEBUG interceptor.LogInterceptor 開始：signupUser
2020/04/26 21:05:54.688 [default task-1] DEBUG interceptor.LogInterceptor 終了：signupUser
2020/04/26 21:05:54.707 [default task-1] DEBUG interceptor.LogInterceptor 開始：preRender
2020/04/26 21:05:54.708 [default task-1] DEBUG interceptor.LogInterceptor 終了：preRender
2020/04/26 21:05:54.712 [default task-1] DEBUG interceptor.LogInterceptor 開始：getInfoMessage
2020/04/26 21:05:54.713 [default task-1] DEBUG interceptor.LogInterceptor 終了：getInfoMessage
2020/04/26 21:05:54.715 [default task-1] DEBUG interceptor.LogInterceptor 開始：getEmailAddress
2020/04/26 21:05:54.715 [default task-1] DEBUG interceptor.LogInterceptor 終了：getEmailAddress
2020/04/26 21:05:54.717 [default task-1] DEBUG interceptor.LogInterceptor 開始：getPassword
2020/04/26 21:05:54.718 [default task-1] DEBUG interceptor.LogInterceptor 終了：getPassword
2020/04/26 21:38:17.474 [default task-1] DEBUG interceptor.LogInterceptor 開始：viewAction
2020/04/26 21:38:17.477 [default task-1] DEBUG interceptor.LogInterceptor 終了：viewAction
2020/04/26 21:38:17.555 [default task-1] DEBUG interceptor.LogInterceptor 開始：preRender
2020/04/26 21:38:17.557 [default task-1] DEBUG interceptor.LogInterceptor 終了：preRender
2020/04/26 21:38:17.570 [default task-1] DEBUG interceptor.LogInterceptor 開始：getInfoMessage
2020/04/26 21:38:17.572 [default task-1] DEBUG interceptor.LogInterceptor 終了：getInfoMessage
2020/04/26 21:38:17.582 [default task-1] DEBUG interceptor.LogInterceptor 開始：getEmailAddress
2020/04/26 21:38:17.583 [default task-1] DEBUG interceptor.LogInterceptor 終了：getEmailAddress
2020/04/26 21:38:17.591 [default task-1] DEBUG interceptor.LogInterceptor 開始：getPassword
2020/04/26 21:38:17.592 [default task-1] DEBUG interceptor.LogInterceptor 終了：getPassword
2020/04/26 21:38:19.095 [default task-1] DEBUG interceptor.LogInterceptor 開始：getEmailAddress
2020/04/26 21:38:19.096 [default task-1] DEBUG interceptor.LogInterceptor 終了：getEmailAddress
2020/04/26 21:38:19.099 [default task-1] DEBUG interceptor.LogInterceptor 開始：getPassword
2020/04/26 21:38:19.100 [default task-1] DEBUG interceptor.LogInterceptor 終了：getPassword
2020/04/26 21:38:19.105 [default task-1] DEBUG interceptor.LogInterceptor 開始：setEmailAddress
2020/04/26 21:38:19.107 [default task-1] DEBUG interceptor.LogInterceptor 
2020/04/26 21:38:19.108 [default task-1] DEBUG interceptor.LogInterceptor 終了：setEmailAddress
2020/04/26 21:38:19.110 [default task-1] DEBUG interceptor.LogInterceptor 開始：setPassword
2020/04/26 21:38:19.112 [default task-1] DEBUG interceptor.LogInterceptor 
2020/04/26 21:38:19.113 [default task-1] DEBUG interceptor.LogInterceptor 終了：setPassword
2020/04/26 21:38:19.117 [default task-1] DEBUG interceptor.LogInterceptor 開始：goSignupPage
2020/04/26 21:38:19.119 [default task-1] DEBUG interceptor.RedirectInterceptor リクエスト：HttpServletRequestImpl [ POST /sample-webapp-jsf/login.xhtml ]
2020/04/26 21:38:19.121 [default task-1] DEBUG interceptor.RedirectInterceptor レスポンス：io.undertow.servlet.spec.HttpServletResponseImpl@3b2995c4
2020/04/26 21:38:19.123 [default task-1] DEBUG interceptor.RedirectInterceptor リダイレクトのパラメータ付与：signup?faces-redirect=true
2020/04/26 21:38:19.124 [default task-1] DEBUG interceptor.LogInterceptor 終了：goSignupPage
2020/04/26 21:38:19.183 [default task-1] DEBUG interceptor.LogInterceptor 開始：getEmailAddress
2020/04/26 21:38:19.184 [default task-1] DEBUG interceptor.LogInterceptor 終了：getEmailAddress
2020/04/26 21:38:19.187 [default task-1] DEBUG interceptor.LogInterceptor 開始：getName
2020/04/26 21:38:19.189 [default task-1] DEBUG interceptor.LogInterceptor 終了：getName
2020/04/26 21:38:19.192 [default task-1] DEBUG interceptor.LogInterceptor 開始：getPassword
2020/04/26 21:38:19.194 [default task-1] DEBUG interceptor.LogInterceptor 終了：getPassword
2020/04/26 21:38:40.128 [default task-1] DEBUG interceptor.LogInterceptor 開始：getEmailAddress
2020/04/26 21:38:40.129 [default task-1] DEBUG interceptor.LogInterceptor 終了：getEmailAddress
2020/04/26 21:38:40.131 [default task-1] DEBUG interceptor.LogInterceptor 開始：getName
2020/04/26 21:38:40.132 [default task-1] DEBUG interceptor.LogInterceptor 終了：getName
2020/04/26 21:38:40.140 [default task-1] DEBUG interceptor.LogInterceptor 開始：getPassword
2020/04/26 21:38:40.142 [default task-1] DEBUG interceptor.LogInterceptor 終了：getPassword
2020/04/26 21:38:40.144 [default task-1] DEBUG interceptor.LogInterceptor 開始：setEmailAddress
2020/04/26 21:38:40.145 [default task-1] DEBUG interceptor.LogInterceptor hoge1@hoge
2020/04/26 21:38:40.146 [default task-1] DEBUG interceptor.LogInterceptor 終了：setEmailAddress
2020/04/26 21:38:40.147 [default task-1] DEBUG interceptor.LogInterceptor 開始：setName
2020/04/26 21:38:40.148 [default task-1] DEBUG interceptor.LogInterceptor hoge
2020/04/26 21:38:40.149 [default task-1] DEBUG interceptor.LogInterceptor 終了：setName
2020/04/26 21:38:40.150 [default task-1] DEBUG interceptor.LogInterceptor 開始：setPassword
2020/04/26 21:38:40.151 [default task-1] DEBUG interceptor.LogInterceptor hoge
2020/04/26 21:38:40.152 [default task-1] DEBUG interceptor.LogInterceptor 終了：setPassword
2020/04/26 21:38:40.159 [default task-1] DEBUG interceptor.LogInterceptor 開始：signupUserWithJpa
2020/04/26 21:38:40.747 [default task-1] DEBUG interceptor.LogInterceptor 終了：signupUserWithJpa
2020/04/26 21:38:40.778 [default task-1] DEBUG interceptor.LogInterceptor 開始：preRender
2020/04/26 21:38:40.780 [default task-1] DEBUG interceptor.LogInterceptor 終了：preRender
2020/04/26 21:38:40.783 [default task-1] DEBUG interceptor.LogInterceptor 開始：getInfoMessage
2020/04/26 21:38:40.785 [default task-1] DEBUG interceptor.LogInterceptor 終了：getInfoMessage
2020/04/26 21:38:40.788 [default task-1] DEBUG interceptor.LogInterceptor 開始：getEmailAddress
2020/04/26 21:38:40.789 [default task-1] DEBUG interceptor.LogInterceptor 終了：getEmailAddress
2020/04/26 21:38:40.791 [default task-1] DEBUG interceptor.LogInterceptor 開始：getPassword
2020/04/26 21:38:40.792 [default task-1] DEBUG interceptor.LogInterceptor 終了：getPassword
2020/04/26 21:38:47.830 [default task-1] DEBUG interceptor.LogInterceptor 開始：getEmailAddress
2020/04/26 21:38:47.831 [default task-1] DEBUG interceptor.LogInterceptor 終了：getEmailAddress
2020/04/26 21:38:47.832 [default task-1] DEBUG interceptor.LogInterceptor 開始：getPassword
2020/04/26 21:38:47.833 [default task-1] DEBUG interceptor.LogInterceptor 終了：getPassword
2020/04/26 21:38:47.835 [default task-1] DEBUG interceptor.LogInterceptor 開始：setEmailAddress
2020/04/26 21:38:47.836 [default task-1] DEBUG interceptor.LogInterceptor 
2020/04/26 21:38:47.837 [default task-1] DEBUG interceptor.LogInterceptor 終了：setEmailAddress
2020/04/26 21:38:47.838 [default task-1] DEBUG interceptor.LogInterceptor 開始：setPassword
2020/04/26 21:38:47.839 [default task-1] DEBUG interceptor.LogInterceptor 
2020/04/26 21:38:47.840 [default task-1] DEBUG interceptor.LogInterceptor 終了：setPassword
2020/04/26 21:38:47.842 [default task-1] DEBUG interceptor.LogInterceptor 開始：goSignupPage
2020/04/26 21:38:47.843 [default task-1] DEBUG interceptor.RedirectInterceptor リクエスト：HttpServletRequestImpl [ POST /sample-webapp-jsf/login.xhtml ]
2020/04/26 21:38:47.843 [default task-1] DEBUG interceptor.RedirectInterceptor レスポンス：io.undertow.servlet.spec.HttpServletResponseImpl@bc26661
2020/04/26 21:38:47.844 [default task-1] DEBUG interceptor.RedirectInterceptor リダイレクトのパラメータ付与：signup?faces-redirect=true
2020/04/26 21:38:47.845 [default task-1] DEBUG interceptor.LogInterceptor 終了：goSignupPage
2020/04/26 21:38:47.865 [default task-1] DEBUG interceptor.LogInterceptor 開始：getEmailAddress
2020/04/26 21:38:47.866 [default task-1] DEBUG interceptor.LogInterceptor 終了：getEmailAddress
2020/04/26 21:38:47.868 [default task-1] DEBUG interceptor.LogInterceptor 開始：getName
2020/04/26 21:38:47.869 [default task-1] DEBUG interceptor.LogInterceptor 終了：getName
2020/04/26 21:38:47.871 [default task-1] DEBUG interceptor.LogInterceptor 開始：getPassword
2020/04/26 21:38:47.872 [default task-1] DEBUG interceptor.LogInterceptor 終了：getPassword
2020/04/26 21:38:50.822 [default task-1] DEBUG interceptor.LogInterceptor 開始：getEmailAddress
2020/04/26 21:38:50.822 [default task-1] DEBUG interceptor.LogInterceptor 終了：getEmailAddress
2020/04/26 21:38:50.823 [default task-1] DEBUG interceptor.LogInterceptor 開始：getName
2020/04/26 21:38:50.824 [default task-1] DEBUG interceptor.LogInterceptor 終了：getName
2020/04/26 21:38:50.824 [default task-1] DEBUG interceptor.LogInterceptor 開始：getPassword
2020/04/26 21:38:50.825 [default task-1] DEBUG interceptor.LogInterceptor 終了：getPassword
2020/04/26 21:38:50.826 [default task-1] DEBUG interceptor.LogInterceptor 開始：setEmailAddress
2020/04/26 21:38:50.827 [default task-1] DEBUG interceptor.LogInterceptor 
2020/04/26 21:38:50.827 [default task-1] DEBUG interceptor.LogInterceptor 終了：setEmailAddress
2020/04/26 21:38:50.828 [default task-1] DEBUG interceptor.LogInterceptor 開始：setName
2020/04/26 21:38:50.829 [default task-1] DEBUG interceptor.LogInterceptor 
2020/04/26 21:38:50.829 [default task-1] DEBUG interceptor.LogInterceptor 終了：setName
2020/04/26 21:38:50.830 [default task-1] DEBUG interceptor.LogInterceptor 開始：setPassword
2020/04/26 21:38:50.831 [default task-1] DEBUG interceptor.LogInterceptor 
2020/04/26 21:38:50.832 [default task-1] DEBUG interceptor.LogInterceptor 終了：setPassword
2020/04/26 21:38:50.837 [default task-1] DEBUG interceptor.LogInterceptor 開始：switchTestMode
2020/04/26 21:38:50.838 [default task-1] DEBUG interceptor.LogInterceptor 終了：switchTestMode
2020/04/26 21:38:50.845 [default task-1] DEBUG interceptor.LogInterceptor 開始：getEmailAddress
2020/04/26 21:38:50.846 [default task-1] DEBUG interceptor.LogInterceptor 終了：getEmailAddress
2020/04/26 21:38:50.847 [default task-1] DEBUG interceptor.LogInterceptor 開始：getName
2020/04/26 21:38:50.849 [default task-1] DEBUG interceptor.LogInterceptor 終了：getName
2020/04/26 21:38:50.851 [default task-1] DEBUG interceptor.LogInterceptor 開始：getPassword
2020/04/26 21:38:50.852 [default task-1] DEBUG interceptor.LogInterceptor 終了：getPassword
2020/04/26 21:38:58.844 [default task-1] DEBUG interceptor.LogInterceptor 開始：getEmailAddress
2020/04/26 21:38:58.845 [default task-1] DEBUG interceptor.LogInterceptor 終了：getEmailAddress
2020/04/26 21:38:58.846 [default task-1] DEBUG interceptor.LogInterceptor 開始：getName
2020/04/26 21:38:58.847 [default task-1] DEBUG interceptor.LogInterceptor 終了：getName
2020/04/26 21:38:58.849 [default task-1] DEBUG interceptor.LogInterceptor 開始：getPassword
2020/04/26 21:38:58.850 [default task-1] DEBUG interceptor.LogInterceptor 終了：getPassword
2020/04/26 21:38:58.852 [default task-1] DEBUG interceptor.LogInterceptor 開始：setEmailAddress
2020/04/26 21:38:58.852 [default task-1] DEBUG interceptor.LogInterceptor hoge2@hoge
2020/04/26 21:38:58.853 [default task-1] DEBUG interceptor.LogInterceptor 終了：setEmailAddress
2020/04/26 21:38:58.854 [default task-1] DEBUG interceptor.LogInterceptor 開始：setName
2020/04/26 21:38:58.854 [default task-1] DEBUG interceptor.LogInterceptor hoge
2020/04/26 21:38:58.855 [default task-1] DEBUG interceptor.LogInterceptor 終了：setName
2020/04/26 21:38:58.856 [default task-1] DEBUG interceptor.LogInterceptor 開始：setPassword
2020/04/26 21:38:58.857 [default task-1] DEBUG interceptor.LogInterceptor hoge
2020/04/26 21:38:58.858 [default task-1] DEBUG interceptor.LogInterceptor 終了：setPassword
2020/04/26 21:38:58.861 [default task-1] DEBUG interceptor.LogInterceptor 開始：signupUserWithJpa
2020/04/26 21:39:03.213 [default task-1] DEBUG interceptor.LogInterceptor 終了：signupUserWithJpa
2020/04/26 21:39:03.223 [default task-1] DEBUG interceptor.LogInterceptor 開始：preRender
2020/04/26 21:39:03.224 [default task-1] DEBUG interceptor.LogInterceptor 終了：preRender
2020/04/26 21:39:03.228 [default task-1] DEBUG interceptor.LogInterceptor 開始：getInfoMessage
2020/04/26 21:39:03.229 [default task-1] DEBUG interceptor.LogInterceptor 終了：getInfoMessage
2020/04/26 21:39:03.233 [default task-1] DEBUG interceptor.LogInterceptor 開始：getEmailAddress
2020/04/26 21:39:03.234 [default task-1] DEBUG interceptor.LogInterceptor 終了：getEmailAddress
2020/04/26 21:39:03.236 [default task-1] DEBUG interceptor.LogInterceptor 開始：getPassword
2020/04/26 21:39:03.238 [default task-1] DEBUG interceptor.LogInterceptor 終了：getPassword
