2020/05/06 00:12:34.517 [ServerService Thread Pool -- 76] INFO  コンテキスト '/sample-webapp-jsf' の Mojarra 2.3.9.SP02 を初期化します
2020/05/06 00:12:35.771 [ServerService Thread Pool -- 76] INFO  Monitoring file:/C:/pleiadeses/pleiades-2018-12/wildfly/wildfly-17.0.1.Final/standalone/deployments/sample-webapp-jsf.war/WEB-INF/faces-config.xml for modifications
2020/05/06 00:12:52.197 [default task-1] ERROR JSF1094: Could not decode flash data from incoming cookie value Invalid characters in decrypted value.  Processing will continue, but the flash is unavailable for this request.
2020/05/06 00:13:15.879 [ServerService Thread Pool -- 76] INFO  コンテキスト '/sample-webapp-jsf' の Mojarra 2.3.9.SP02 を初期化します
2020/05/06 00:13:17.135 [ServerService Thread Pool -- 76] INFO  Monitoring file:/C:/pleiadeses/pleiades-2018-12/wildfly/wildfly-17.0.1.Final/standalone/deployments/sample-webapp-jsf.war/WEB-INF/faces-config.xml for modifications
2020/05/06 00:19:58.350 [ServerService Thread Pool -- 76] INFO  コンテキスト '/sample-webapp-jsf' の Mojarra 2.3.9.SP02 を初期化します
2020/05/06 00:19:59.692 [ServerService Thread Pool -- 76] INFO  Monitoring file:/C:/pleiadeses/pleiades-2018-12/wildfly/wildfly-17.0.1.Final/standalone/deployments/sample-webapp-jsf.war/WEB-INF/faces-config.xml for modifications
2020/05/06 00:23:59.385 [ServerService Thread Pool -- 76] INFO  コンテキスト '/sample-webapp-jsf' の Mojarra 2.3.9.SP02 を初期化します
2020/05/06 00:24:00.645 [ServerService Thread Pool -- 76] INFO  Monitoring file:/C:/pleiadeses/pleiades-2018-12/wildfly/wildfly-17.0.1.Final/standalone/deployments/sample-webapp-jsf.war/WEB-INF/faces-config.xml for modifications
2020/05/06 00:27:07.555 [ServerService Thread Pool -- 76] INFO  コンテキスト '/sample-webapp-jsf' の Mojarra 2.3.9.SP02 を初期化します
2020/05/06 00:27:08.747 [ServerService Thread Pool -- 76] INFO  Monitoring file:/C:/pleiadeses/pleiades-2018-12/wildfly/wildfly-17.0.1.Final/standalone/deployments/sample-webapp-jsf.war/WEB-INF/faces-config.xml for modifications
2020/05/06 00:29:12.774 [ServerService Thread Pool -- 76] INFO  コンテキスト '/sample-webapp-jsf' の Mojarra 2.3.9.SP02 を初期化します
2020/05/06 00:29:14.165 [ServerService Thread Pool -- 76] INFO  Monitoring file:/C:/pleiadeses/pleiades-2018-12/wildfly/wildfly-17.0.1.Final/standalone/deployments/sample-webapp-jsf.war/WEB-INF/faces-config.xml for modifications
2020/05/06 00:30:06.923 [ServerService Thread Pool -- 76] INFO  コンテキスト '/sample-webapp-jsf' の Mojarra 2.3.9.SP02 を初期化します
2020/05/06 00:30:08.145 [ServerService Thread Pool -- 76] INFO  Monitoring file:/C:/pleiadeses/pleiades-2018-12/wildfly/wildfly-17.0.1.Final/standalone/deployments/sample-webapp-jsf.war/WEB-INF/faces-config.xml for modifications
2020/05/06 00:30:30.273 [ServerService Thread Pool -- 76] INFO  コンテキスト '/sample-webapp-jsf' の Mojarra 2.3.9.SP02 を初期化します
2020/05/06 00:30:31.520 [ServerService Thread Pool -- 76] INFO  Monitoring file:/C:/pleiadeses/pleiades-2018-12/wildfly/wildfly-17.0.1.Final/standalone/deployments/sample-webapp-jsf.war/WEB-INF/faces-config.xml for modifications
2020/05/06 00:33:50.272 [ServerService Thread Pool -- 76] INFO  コンテキスト '/sample-webapp-jsf' の Mojarra 2.3.9.SP02 を初期化します
2020/05/06 00:33:51.751 [ServerService Thread Pool -- 76] INFO  Monitoring file:/C:/pleiadeses/pleiades-2018-12/wildfly/wildfly-17.0.1.Final/standalone/deployments/sample-webapp-jsf.war/WEB-INF/faces-config.xml for modifications
2020/05/06 00:36:37.270 [ServerService Thread Pool -- 76] INFO  コンテキスト '/sample-webapp-jsf' の Mojarra 2.3.9.SP02 を初期化します
2020/05/06 00:36:38.558 [ServerService Thread Pool -- 76] INFO  Monitoring file:/C:/pleiadeses/pleiades-2018-12/wildfly/wildfly-17.0.1.Final/standalone/deployments/sample-webapp-jsf.war/WEB-INF/faces-config.xml for modifications
2020/05/06 00:42:20.999 [ServerService Thread Pool -- 76] INFO  コンテキスト '/sample-webapp-jsf' の Mojarra 2.3.9.SP02 を初期化します
2020/05/06 00:42:22.339 [ServerService Thread Pool -- 76] INFO  Monitoring file:/C:/pleiadeses/pleiades-2018-12/wildfly/wildfly-17.0.1.Final/standalone/deployments/sample-webapp-jsf.war/WEB-INF/faces-config.xml for modifications
2020/05/06 00:44:25.681 [default task-1] INFO  application.LoginBean#authenticate 開始
2020/05/06 00:44:35.851 [default task-1] INFO  認証ステータス：SEND_FAILURE
2020/05/06 00:44:35.872 [default task-1] INFO  application.LoginBean#authenticate 終了
2020/05/06 00:44:35.873 [default task-1] INFO  application.LoginBean#login 開始
2020/05/06 00:44:35.873 [default task-1] INFO  application.LoginBean#login 終了
2020/05/06 00:51:09.509 [ServerService Thread Pool -- 76] INFO  コンテキスト '/sample-webapp-jsf' の Mojarra 2.3.9.SP02 を初期化します
2020/05/06 00:51:10.765 [ServerService Thread Pool -- 76] INFO  Monitoring file:/C:/pleiadeses/pleiades-2018-12/wildfly/wildfly-17.0.1.Final/standalone/deployments/sample-webapp-jsf.war/WEB-INF/faces-config.xml for modifications
2020/05/06 00:52:39.931 [ServerService Thread Pool -- 76] INFO  コンテキスト '/sample-webapp-jsf' の Mojarra 2.3.9.SP02 を初期化します
2020/05/06 00:52:41.188 [ServerService Thread Pool -- 76] INFO  Monitoring file:/C:/pleiadeses/pleiades-2018-12/wildfly/wildfly-17.0.1.Final/standalone/deployments/sample-webapp-jsf.war/WEB-INF/faces-config.xml for modifications
2020/05/06 00:54:50.740 [ServerService Thread Pool -- 76] INFO  コンテキスト '/sample-webapp-jsf' の Mojarra 2.3.9.SP02 を初期化します
2020/05/06 00:54:51.999 [ServerService Thread Pool -- 76] INFO  Monitoring file:/C:/pleiadeses/pleiades-2018-12/wildfly/wildfly-17.0.1.Final/standalone/deployments/sample-webapp-jsf.war/WEB-INF/faces-config.xml for modifications
2020/05/06 00:57:40.635 [default task-7] INFO  application.LoginBean#authenticate 開始
2020/05/06 00:57:49.474 [default task-7] INFO  認証ステータス：SUCCESS
2020/05/06 00:57:49.475 [default task-7] INFO  application.LoginBean#authenticate 終了
2020/05/06 00:57:49.476 [default task-7] INFO  application.LoginBean#login 開始
2020/05/06 00:57:49.479 [default task-7] INFO  application.LoginBean#login 終了
2020/05/06 00:58:47.206 [ServerService Thread Pool -- 76] INFO  コンテキスト '/sample-webapp-jsf' の Mojarra 2.3.9.SP02 を初期化します
2020/05/06 00:58:48.657 [ServerService Thread Pool -- 76] INFO  Monitoring file:/C:/pleiadeses/pleiades-2018-12/wildfly/wildfly-17.0.1.Final/standalone/deployments/sample-webapp-jsf.war/WEB-INF/faces-config.xml for modifications
2020/05/06 00:58:55.931 [default task-1] ERROR JSF1094: Could not decode flash data from incoming cookie value Invalid characters in decrypted value.  Processing will continue, but the flash is unavailable for this request.
2020/05/06 00:59:04.167 [default task-1] INFO  application.LoginBean#authenticate 開始
2020/05/06 00:59:16.133 [default task-1] INFO  認証ステータス：SUCCESS
2020/05/06 00:59:16.134 [default task-1] INFO  application.LoginBean#authenticate 終了
2020/05/06 00:59:16.135 [default task-1] INFO  application.LoginBean#login 開始
2020/05/06 00:59:16.135 [default task-1] INFO  application.LoginBean#login 終了
2020/05/06 00:59:52.542 [default task-1] INFO  application.LoginBean#authenticate 開始
2020/05/06 01:00:00.698 [default task-1] INFO  認証ステータス：SEND_CONTINUE
2020/05/06 01:00:00.735 [default task-1] INFO  application.LoginBean#authenticate 終了
2020/05/06 01:00:00.736 [default task-1] INFO  application.LoginBean#login 開始
2020/05/06 01:00:00.736 [default task-1] INFO  application.LoginBean#login 終了
2020/05/06 01:01:09.720 [ServerService Thread Pool -- 76] INFO  コンテキスト '/sample-webapp-jsf' の Mojarra 2.3.9.SP02 を初期化します
2020/05/06 01:01:11.084 [ServerService Thread Pool -- 76] INFO  Monitoring file:/C:/pleiadeses/pleiades-2018-12/wildfly/wildfly-17.0.1.Final/standalone/deployments/sample-webapp-jsf.war/WEB-INF/faces-config.xml for modifications
2020/05/06 01:02:52.975 [default task-1] ERROR JSF1094: Could not decode flash data from incoming cookie value Invalid characters in decrypted value.  Processing will continue, but the flash is unavailable for this request.
2020/05/06 01:05:00.107 [ServerService Thread Pool -- 76] INFO  コンテキスト '/sample-webapp-jsf' の Mojarra 2.3.9.SP02 を初期化します
2020/05/06 01:05:01.367 [ServerService Thread Pool -- 76] INFO  Monitoring file:/C:/pleiadeses/pleiades-2018-12/wildfly/wildfly-17.0.1.Final/standalone/deployments/sample-webapp-jsf.war/WEB-INF/faces-config.xml for modifications
2020/05/06 01:05:12.740 [default task-1] INFO  application.LoginBean#authenticate 開始
2020/05/06 01:07:52.842 [default task-1] INFO  認証ステータス：SUCCESS
2020/05/06 01:07:52.843 [default task-1] INFO  application.LoginBean#authenticate 終了
2020/05/06 01:07:52.844 [default task-1] INFO  application.LoginBean#login 開始
2020/05/06 01:07:52.846 [default task-1] INFO  application.LoginBean#login 終了
2020/05/06 01:08:36.611 [default task-2] INFO  application.LoginBean#authenticate 開始
2020/05/06 01:09:17.389 [default task-2] INFO  認証ステータス：SEND_FAILURE
2020/05/06 01:09:17.434 [default task-2] INFO  application.LoginBean#authenticate 終了
2020/05/06 01:09:17.435 [default task-2] INFO  application.LoginBean#login 開始
2020/05/06 01:09:17.437 [default task-2] INFO  application.LoginBean#login 終了
2020/05/06 01:10:09.985 [default task-8] INFO  application.LoginBean#authenticate 開始
2020/05/06 01:10:25.508 [default task-8] INFO  認証ステータス：SUCCESS
2020/05/06 01:10:25.509 [default task-8] INFO  application.LoginBean#authenticate 終了
2020/05/06 01:10:25.509 [default task-8] INFO  application.LoginBean#login 開始
2020/05/06 01:10:25.510 [default task-8] INFO  application.LoginBean#login 終了
2020/05/06 01:11:09.491 [default task-8] INFO  application.LoginBean#authenticate 開始
2020/05/06 01:11:19.078 [default task-8] INFO  認証ステータス：SUCCESS
2020/05/06 01:11:19.078 [default task-8] INFO  application.LoginBean#authenticate 終了
2020/05/06 01:11:19.079 [default task-8] INFO  application.LoginBean#login 開始
2020/05/06 01:11:19.080 [default task-8] INFO  application.LoginBean#login 終了
2020/05/06 01:14:32.487 [ServerService Thread Pool -- 76] INFO  コンテキスト '/sample-webapp-jsf' の Mojarra 2.3.9.SP02 を初期化します
2020/05/06 01:14:33.702 [ServerService Thread Pool -- 76] INFO  Monitoring file:/C:/pleiadeses/pleiades-2018-12/wildfly/wildfly-17.0.1.Final/standalone/deployments/sample-webapp-jsf.war/WEB-INF/faces-config.xml for modifications
2020/05/06 01:24:51.127 [ServerService Thread Pool -- 76] INFO  コンテキスト '/sample-webapp-jsf' の Mojarra 2.3.9.SP02 を初期化します
2020/05/06 01:24:52.386 [ServerService Thread Pool -- 76] INFO  Monitoring file:/C:/pleiadeses/pleiades-2018-12/wildfly/wildfly-17.0.1.Final/standalone/deployments/sample-webapp-jsf.war/WEB-INF/faces-config.xml for modifications
2020/05/06 01:25:57.311 [ServerService Thread Pool -- 76] INFO  コンテキスト '/sample-webapp-jsf' の Mojarra 2.3.9.SP02 を初期化します
2020/05/06 01:25:58.516 [ServerService Thread Pool -- 76] INFO  Monitoring file:/C:/pleiadeses/pleiades-2018-12/wildfly/wildfly-17.0.1.Final/standalone/deployments/sample-webapp-jsf.war/WEB-INF/faces-config.xml for modifications
2020/05/06 01:29:47.730 [ServerService Thread Pool -- 76] INFO  コンテキスト '/sample-webapp-jsf' の Mojarra 2.3.9.SP02 を初期化します
2020/05/06 01:29:49.058 [ServerService Thread Pool -- 76] INFO  Monitoring file:/C:/pleiadeses/pleiades-2018-12/wildfly/wildfly-17.0.1.Final/standalone/deployments/sample-webapp-jsf.war/WEB-INF/faces-config.xml for modifications
2020/05/06 01:30:26.799 [ServerService Thread Pool -- 76] INFO  コンテキスト '/sample-webapp-jsf' の Mojarra 2.3.9.SP02 を初期化します
2020/05/06 01:30:28.244 [ServerService Thread Pool -- 76] INFO  Monitoring file:/C:/pleiadeses/pleiades-2018-12/wildfly/wildfly-17.0.1.Final/standalone/deployments/sample-webapp-jsf.war/WEB-INF/faces-config.xml for modifications
2020/05/06 01:31:08.012 [default task-1] INFO  application.LoginBean#authenticate 開始
2020/05/06 01:31:39.024 [default task-1] INFO  認証ステータス：SUCCESS
2020/05/06 01:31:39.025 [default task-1] INFO  application.LoginBean#authenticate 終了
2020/05/06 01:31:39.026 [default task-1] INFO  application.LoginBean#login 開始
2020/05/06 01:31:39.028 [default task-1] INFO  application.LoginBean#login 終了
2020/05/06 01:32:45.711 [default task-1] INFO  application.LoginBean#authenticate 開始
2020/05/06 01:32:45.720 [default task-1] INFO  認証ステータス：SEND_CONTINUE
2020/05/06 01:32:45.721 [default task-1] INFO  application.LoginBean#authenticate 終了
2020/05/06 01:32:45.721 [default task-1] INFO  application.LoginBean#login 開始
2020/05/06 01:32:45.722 [default task-1] INFO  application.LoginBean#login 終了
2020/05/06 01:32:45.724 [default task-1] WARN  JSF1095: The response was already committed by the time we tried to set the outgoing cookie for the flash.  Any values stored to the flash will not be available on the next request.
2020/05/06 01:32:45.732 [default task-1] WARN  UT010019: Response already commited
java.lang.IllegalStateException: UT010019: Response already commited
	at io.undertow.servlet.spec.HttpServletResponseImpl.sendRedirect(HttpServletResponseImpl.java:189)
	at com.sun.faces.context.ExternalContextImpl.redirect(ExternalContextImpl.java:736)
	at javax.faces.context.ExternalContextWrapper.redirect(ExternalContextWrapper.java:597)
	at javax.faces.context.ExternalContextWrapper.redirect(ExternalContextWrapper.java:597)
	at com.sun.faces.application.NavigationHandlerImpl.handleNavigation(NavigationHandlerImpl.java:302)
	at com.sun.faces.application.NavigationHandlerImpl.handleNavigation(NavigationHandlerImpl.java:206)
	at com.sun.faces.application.ActionListenerImpl.invokeNavigationHandling(ActionListenerImpl.java:110)
	at com.sun.faces.application.ActionListenerImpl.processAction(ActionListenerImpl.java:69)
	at javax.faces.component.UICommand.broadcast(UICommand.java:222)
	at javax.faces.component.UIViewRoot.broadcastEvents(UIViewRoot.java:847)
	at javax.faces.component.UIViewRoot.processApplication(UIViewRoot.java:1395)
	at com.sun.faces.lifecycle.InvokeApplicationPhase.execute(InvokeApplicationPhase.java:58)
	at com.sun.faces.lifecycle.Phase.doPhase(Phase.java:76)
	at com.sun.faces.lifecycle.LifecycleImpl.execute(LifecycleImpl.java:177)
	at javax.faces.webapp.FacesServlet.executeLifecyle(FacesServlet.java:707)
	at javax.faces.webapp.FacesServlet.service(FacesServlet.java:451)
	at io.undertow.servlet.handlers.ServletHandler.handleRequest(ServletHandler.java:74)
	at io.undertow.servlet.handlers.FilterHandler$FilterChainImpl.doFilter(FilterHandler.java:129)
	at io.opentracing.contrib.jaxrs2.server.SpanFinishingFilter.doFilter(SpanFinishingFilter.java:55)
	at io.undertow.servlet.core.ManagedFilter.doFilter(ManagedFilter.java:61)
	at io.undertow.servlet.handlers.FilterHandler$FilterChainImpl.doFilter(FilterHandler.java:131)
	at io.undertow.servlet.handlers.FilterHandler.handleRequest(FilterHandler.java:84)
	at io.undertow.servlet.handlers.security.ServletSecurityRoleHandler.handleRequest(ServletSecurityRoleHandler.java:62)
	at io.undertow.servlet.handlers.ServletChain$1.handleRequest(ServletChain.java:68)
	at io.undertow.servlet.handlers.ServletDispatchingHandler.handleRequest(ServletDispatchingHandler.java:36)
	at org.wildfly.extension.undertow.security.SecurityContextAssociationHandler.handleRequest(SecurityContextAssociationHandler.java:78)
	at io.undertow.server.handlers.PredicateHandler.handleRequest(PredicateHandler.java:43)
	at io.undertow.servlet.handlers.security.SSLInformationAssociationHandler.handleRequest(SSLInformationAssociationHandler.java:132)
	at io.undertow.servlet.handlers.security.ServletAuthenticationCallHandler.handleRequest(ServletAuthenticationCallHandler.java:57)
	at io.undertow.server.handlers.PredicateHandler.handleRequest(PredicateHandler.java:43)
	at io.undertow.security.handlers.AuthenticationConstraintHandler.handleRequest(AuthenticationConstraintHandler.java:53)
	at io.undertow.security.handlers.AbstractConfidentialityHandler.handleRequest(AbstractConfidentialityHandler.java:46)
	at io.undertow.servlet.handlers.security.ServletConfidentialityConstraintHandler.handleRequest(ServletConfidentialityConstraintHandler.java:64)
	at io.undertow.servlet.handlers.security.ServletSecurityConstraintHandler.handleRequest(ServletSecurityConstraintHandler.java:59)
	at io.undertow.security.handlers.AuthenticationMechanismsHandler.handleRequest(AuthenticationMechanismsHandler.java:60)
	at io.undertow.servlet.handlers.security.CachedAuthenticatedSessionHandler.handleRequest(CachedAuthenticatedSessionHandler.java:77)
	at io.undertow.security.handlers.NotificationReceiverHandler.handleRequest(NotificationReceiverHandler.java:50)
	at io.undertow.security.handlers.AbstractSecurityContextAssociationHandler.handleRequest(AbstractSecurityContextAssociationHandler.java:43)
	at io.undertow.server.handlers.PredicateHandler.handleRequest(PredicateHandler.java:43)
	at org.wildfly.extension.undertow.security.jacc.JACCContextIdHandler.handleRequest(JACCContextIdHandler.java:61)
	at io.undertow.server.handlers.PredicateHandler.handleRequest(PredicateHandler.java:43)
	at org.wildfly.extension.undertow.security.jaspi.JASPICSecureResponseHandler.handleRequest(JASPICSecureResponseHandler.java:48)
	at org.wildfly.extension.undertow.deployment.GlobalRequestControllerHandler.handleRequest(GlobalRequestControllerHandler.java:68)
	at io.undertow.server.handlers.PredicateHandler.handleRequest(PredicateHandler.java:43)
	at io.undertow.servlet.handlers.ServletInitialHandler.handleFirstRequest(ServletInitialHandler.java:292)
	at io.undertow.servlet.handlers.ServletInitialHandler.access$100(ServletInitialHandler.java:81)
	at io.undertow.servlet.handlers.ServletInitialHandler$2.call(ServletInitialHandler.java:138)
	at io.undertow.servlet.handlers.ServletInitialHandler$2.call(ServletInitialHandler.java:135)
	at io.undertow.servlet.core.ServletRequestContextThreadSetupAction$1.call(ServletRequestContextThreadSetupAction.java:48)
	at io.undertow.servlet.core.ContextClassLoaderSetupAction$1.call(ContextClassLoaderSetupAction.java:43)
	at org.wildfly.extension.undertow.security.SecurityContextThreadSetupAction.lambda$create$0(SecurityContextThreadSetupAction.java:105)
	at org.wildfly.extension.undertow.deployment.UndertowDeploymentInfoService$UndertowThreadSetupAction.lambda$create$0(UndertowDeploymentInfoService.java:1502)
	at org.wildfly.extension.undertow.deployment.UndertowDeploymentInfoService$UndertowThreadSetupAction.lambda$create$0(UndertowDeploymentInfoService.java:1502)
	at org.wildfly.extension.undertow.deployment.UndertowDeploymentInfoService$UndertowThreadSetupAction.lambda$create$0(UndertowDeploymentInfoService.java:1502)
	at org.wildfly.extension.undertow.deployment.UndertowDeploymentInfoService$UndertowThreadSetupAction.lambda$create$0(UndertowDeploymentInfoService.java:1502)
	at org.wildfly.extension.undertow.deployment.UndertowDeploymentInfoService$UndertowThreadSetupAction.lambda$create$0(UndertowDeploymentInfoService.java:1502)
	at io.undertow.servlet.handlers.ServletInitialHandler.dispatchRequest(ServletInitialHandler.java:272)
	at io.undertow.servlet.handlers.ServletInitialHandler.access$000(ServletInitialHandler.java:81)
	at io.undertow.servlet.handlers.ServletInitialHandler$1.handleRequest(ServletInitialHandler.java:104)
	at io.undertow.server.Connectors.executeRootHandler(Connectors.java:364)
	at io.undertow.server.HttpServerExchange$1.run(HttpServerExchange.java:830)
	at org.jboss.threads.ContextClassLoaderSavingRunnable.run(ContextClassLoaderSavingRunnable.java:35)
	at org.jboss.threads.EnhancedQueueExecutor.safeRun(EnhancedQueueExecutor.java:1982)
	at org.jboss.threads.EnhancedQueueExecutor$ThreadBody.doRunTask(EnhancedQueueExecutor.java:1486)
	at org.jboss.threads.EnhancedQueueExecutor$ThreadBody.run(EnhancedQueueExecutor.java:1377)
	at java.lang.Thread.run(Thread.java:748)
2020/05/06 01:32:45.750 [default task-1] INFO  Exception when handling error trying to reset the response.
java.lang.IllegalStateException: UT010019: Response already commited
	at io.undertow.servlet.spec.HttpServletResponseImpl.sendRedirect(HttpServletResponseImpl.java:189)
	at com.sun.faces.context.ExternalContextImpl.redirect(ExternalContextImpl.java:736)
	at javax.faces.context.ExternalContextWrapper.redirect(ExternalContextWrapper.java:597)
	at javax.faces.context.ExternalContextWrapper.redirect(ExternalContextWrapper.java:597)
	at com.sun.faces.application.NavigationHandlerImpl.handleNavigation(NavigationHandlerImpl.java:302)
	at com.sun.faces.application.NavigationHandlerImpl.handleNavigation(NavigationHandlerImpl.java:206)
	at com.sun.faces.application.ActionListenerImpl.invokeNavigationHandling(ActionListenerImpl.java:110)
	at com.sun.faces.application.ActionListenerImpl.processAction(ActionListenerImpl.java:69)
	at javax.faces.component.UICommand.broadcast(UICommand.java:222)
	at javax.faces.component.UIViewRoot.broadcastEvents(UIViewRoot.java:847)
	at javax.faces.component.UIViewRoot.processApplication(UIViewRoot.java:1395)
	at com.sun.faces.lifecycle.InvokeApplicationPhase.execute(InvokeApplicationPhase.java:58)
	at com.sun.faces.lifecycle.Phase.doPhase(Phase.java:76)
	at com.sun.faces.lifecycle.LifecycleImpl.execute(LifecycleImpl.java:177)
	at javax.faces.webapp.FacesServlet.executeLifecyle(FacesServlet.java:707)
	at javax.faces.webapp.FacesServlet.service(FacesServlet.java:451)
	at io.undertow.servlet.handlers.ServletHandler.handleRequest(ServletHandler.java:74)
	at io.undertow.servlet.handlers.FilterHandler$FilterChainImpl.doFilter(FilterHandler.java:129)
	at io.opentracing.contrib.jaxrs2.server.SpanFinishingFilter.doFilter(SpanFinishingFilter.java:55)
	at io.undertow.servlet.core.ManagedFilter.doFilter(ManagedFilter.java:61)
	at io.undertow.servlet.handlers.FilterHandler$FilterChainImpl.doFilter(FilterHandler.java:131)
	at io.undertow.servlet.handlers.FilterHandler.handleRequest(FilterHandler.java:84)
	at io.undertow.servlet.handlers.security.ServletSecurityRoleHandler.handleRequest(ServletSecurityRoleHandler.java:62)
	at io.undertow.servlet.handlers.ServletChain$1.handleRequest(ServletChain.java:68)
	at io.undertow.servlet.handlers.ServletDispatchingHandler.handleRequest(ServletDispatchingHandler.java:36)
	at org.wildfly.extension.undertow.security.SecurityContextAssociationHandler.handleRequest(SecurityContextAssociationHandler.java:78)
	at io.undertow.server.handlers.PredicateHandler.handleRequest(PredicateHandler.java:43)
	at io.undertow.servlet.handlers.security.SSLInformationAssociationHandler.handleRequest(SSLInformationAssociationHandler.java:132)
	at io.undertow.servlet.handlers.security.ServletAuthenticationCallHandler.handleRequest(ServletAuthenticationCallHandler.java:57)
	at io.undertow.server.handlers.PredicateHandler.handleRequest(PredicateHandler.java:43)
	at io.undertow.security.handlers.AuthenticationConstraintHandler.handleRequest(AuthenticationConstraintHandler.java:53)
	at io.undertow.security.handlers.AbstractConfidentialityHandler.handleRequest(AbstractConfidentialityHandler.java:46)
	at io.undertow.servlet.handlers.security.ServletConfidentialityConstraintHandler.handleRequest(ServletConfidentialityConstraintHandler.java:64)
	at io.undertow.servlet.handlers.security.ServletSecurityConstraintHandler.handleRequest(ServletSecurityConstraintHandler.java:59)
	at io.undertow.security.handlers.AuthenticationMechanismsHandler.handleRequest(AuthenticationMechanismsHandler.java:60)
	at io.undertow.servlet.handlers.security.CachedAuthenticatedSessionHandler.handleRequest(CachedAuthenticatedSessionHandler.java:77)
	at io.undertow.security.handlers.NotificationReceiverHandler.handleRequest(NotificationReceiverHandler.java:50)
	at io.undertow.security.handlers.AbstractSecurityContextAssociationHandler.handleRequest(AbstractSecurityContextAssociationHandler.java:43)
	at io.undertow.server.handlers.PredicateHandler.handleRequest(PredicateHandler.java:43)
	at org.wildfly.extension.undertow.security.jacc.JACCContextIdHandler.handleRequest(JACCContextIdHandler.java:61)
	at io.undertow.server.handlers.PredicateHandler.handleRequest(PredicateHandler.java:43)
	at org.wildfly.extension.undertow.security.jaspi.JASPICSecureResponseHandler.handleRequest(JASPICSecureResponseHandler.java:48)
	at org.wildfly.extension.undertow.deployment.GlobalRequestControllerHandler.handleRequest(GlobalRequestControllerHandler.java:68)
	at io.undertow.server.handlers.PredicateHandler.handleRequest(PredicateHandler.java:43)
	at io.undertow.servlet.handlers.ServletInitialHandler.handleFirstRequest(ServletInitialHandler.java:292)
	at io.undertow.servlet.handlers.ServletInitialHandler.access$100(ServletInitialHandler.java:81)
	at io.undertow.servlet.handlers.ServletInitialHandler$2.call(ServletInitialHandler.java:138)
	at io.undertow.servlet.handlers.ServletInitialHandler$2.call(ServletInitialHandler.java:135)
	at io.undertow.servlet.core.ServletRequestContextThreadSetupAction$1.call(ServletRequestContextThreadSetupAction.java:48)
	at io.undertow.servlet.core.ContextClassLoaderSetupAction$1.call(ContextClassLoaderSetupAction.java:43)
	at org.wildfly.extension.undertow.security.SecurityContextThreadSetupAction.lambda$create$0(SecurityContextThreadSetupAction.java:105)
	at org.wildfly.extension.undertow.deployment.UndertowDeploymentInfoService$UndertowThreadSetupAction.lambda$create$0(UndertowDeploymentInfoService.java:1502)
	at org.wildfly.extension.undertow.deployment.UndertowDeploymentInfoService$UndertowThreadSetupAction.lambda$create$0(UndertowDeploymentInfoService.java:1502)
	at org.wildfly.extension.undertow.deployment.UndertowDeploymentInfoService$UndertowThreadSetupAction.lambda$create$0(UndertowDeploymentInfoService.java:1502)
	at org.wildfly.extension.undertow.deployment.UndertowDeploymentInfoService$UndertowThreadSetupAction.lambda$create$0(UndertowDeploymentInfoService.java:1502)
	at org.wildfly.extension.undertow.deployment.UndertowDeploymentInfoService$UndertowThreadSetupAction.lambda$create$0(UndertowDeploymentInfoService.java:1502)
	at io.undertow.servlet.handlers.ServletInitialHandler.dispatchRequest(ServletInitialHandler.java:272)
	at io.undertow.servlet.handlers.ServletInitialHandler.access$000(ServletInitialHandler.java:81)
	at io.undertow.servlet.handlers.ServletInitialHandler$1.handleRequest(ServletInitialHandler.java:104)
	at io.undertow.server.Connectors.executeRootHandler(Connectors.java:364)
	at io.undertow.server.HttpServerExchange$1.run(HttpServerExchange.java:830)
	at org.jboss.threads.ContextClassLoaderSavingRunnable.run(ContextClassLoaderSavingRunnable.java:35)
	at org.jboss.threads.EnhancedQueueExecutor.safeRun(EnhancedQueueExecutor.java:1982)
	at org.jboss.threads.EnhancedQueueExecutor$ThreadBody.doRunTask(EnhancedQueueExecutor.java:1486)
	at org.jboss.threads.EnhancedQueueExecutor$ThreadBody.run(EnhancedQueueExecutor.java:1377)
	at java.lang.Thread.run(Thread.java:748)
2020/05/06 01:32:55.816 [default task-8] INFO  application.LoginBean#authenticate 開始
2020/05/06 01:32:55.830 [default task-8] INFO  認証ステータス：SEND_CONTINUE
2020/05/06 01:32:55.830 [default task-8] INFO  application.LoginBean#authenticate 終了
2020/05/06 01:32:55.831 [default task-8] INFO  application.LoginBean#login 開始
2020/05/06 01:32:55.833 [default task-8] INFO  application.LoginBean#login 終了
2020/05/06 01:32:55.836 [default task-8] WARN  JSF1095: The response was already committed by the time we tried to set the outgoing cookie for the flash.  Any values stored to the flash will not be available on the next request.
2020/05/06 01:32:55.837 [default task-8] WARN  UT010019: Response already commited
java.lang.IllegalStateException: UT010019: Response already commited
	at io.undertow.servlet.spec.HttpServletResponseImpl.sendRedirect(HttpServletResponseImpl.java:189)
	at com.sun.faces.context.ExternalContextImpl.redirect(ExternalContextImpl.java:736)
	at javax.faces.context.ExternalContextWrapper.redirect(ExternalContextWrapper.java:597)
	at javax.faces.context.ExternalContextWrapper.redirect(ExternalContextWrapper.java:597)
	at com.sun.faces.application.NavigationHandlerImpl.handleNavigation(NavigationHandlerImpl.java:302)
	at com.sun.faces.application.NavigationHandlerImpl.handleNavigation(NavigationHandlerImpl.java:206)
	at com.sun.faces.application.ActionListenerImpl.invokeNavigationHandling(ActionListenerImpl.java:110)
	at com.sun.faces.application.ActionListenerImpl.processAction(ActionListenerImpl.java:69)
	at javax.faces.component.UICommand.broadcast(UICommand.java:222)
	at javax.faces.component.UIViewRoot.broadcastEvents(UIViewRoot.java:847)
	at javax.faces.component.UIViewRoot.processApplication(UIViewRoot.java:1395)
	at com.sun.faces.lifecycle.InvokeApplicationPhase.execute(InvokeApplicationPhase.java:58)
	at com.sun.faces.lifecycle.Phase.doPhase(Phase.java:76)
	at com.sun.faces.lifecycle.LifecycleImpl.execute(LifecycleImpl.java:177)
	at javax.faces.webapp.FacesServlet.executeLifecyle(FacesServlet.java:707)
	at javax.faces.webapp.FacesServlet.service(FacesServlet.java:451)
	at io.undertow.servlet.handlers.ServletHandler.handleRequest(ServletHandler.java:74)
	at io.undertow.servlet.handlers.FilterHandler$FilterChainImpl.doFilter(FilterHandler.java:129)
	at io.opentracing.contrib.jaxrs2.server.SpanFinishingFilter.doFilter(SpanFinishingFilter.java:55)
	at io.undertow.servlet.core.ManagedFilter.doFilter(ManagedFilter.java:61)
	at io.undertow.servlet.handlers.FilterHandler$FilterChainImpl.doFilter(FilterHandler.java:131)
	at io.undertow.servlet.handlers.FilterHandler.handleRequest(FilterHandler.java:84)
	at io.undertow.servlet.handlers.security.ServletSecurityRoleHandler.handleRequest(ServletSecurityRoleHandler.java:62)
	at io.undertow.servlet.handlers.ServletChain$1.handleRequest(ServletChain.java:68)
	at io.undertow.servlet.handlers.ServletDispatchingHandler.handleRequest(ServletDispatchingHandler.java:36)
	at org.wildfly.extension.undertow.security.SecurityContextAssociationHandler.handleRequest(SecurityContextAssociationHandler.java:78)
	at io.undertow.server.handlers.PredicateHandler.handleRequest(PredicateHandler.java:43)
	at io.undertow.servlet.handlers.security.SSLInformationAssociationHandler.handleRequest(SSLInformationAssociationHandler.java:132)
	at io.undertow.servlet.handlers.security.ServletAuthenticationCallHandler.handleRequest(ServletAuthenticationCallHandler.java:57)
	at io.undertow.server.handlers.PredicateHandler.handleRequest(PredicateHandler.java:43)
	at io.undertow.security.handlers.AuthenticationConstraintHandler.handleRequest(AuthenticationConstraintHandler.java:53)
	at io.undertow.security.handlers.AbstractConfidentialityHandler.handleRequest(AbstractConfidentialityHandler.java:46)
	at io.undertow.servlet.handlers.security.ServletConfidentialityConstraintHandler.handleRequest(ServletConfidentialityConstraintHandler.java:64)
	at io.undertow.servlet.handlers.security.ServletSecurityConstraintHandler.handleRequest(ServletSecurityConstraintHandler.java:59)
	at io.undertow.security.handlers.AuthenticationMechanismsHandler.handleRequest(AuthenticationMechanismsHandler.java:60)
	at io.undertow.servlet.handlers.security.CachedAuthenticatedSessionHandler.handleRequest(CachedAuthenticatedSessionHandler.java:77)
	at io.undertow.security.handlers.NotificationReceiverHandler.handleRequest(NotificationReceiverHandler.java:50)
	at io.undertow.security.handlers.AbstractSecurityContextAssociationHandler.handleRequest(AbstractSecurityContextAssociationHandler.java:43)
	at io.undertow.server.handlers.PredicateHandler.handleRequest(PredicateHandler.java:43)
	at org.wildfly.extension.undertow.security.jacc.JACCContextIdHandler.handleRequest(JACCContextIdHandler.java:61)
	at io.undertow.server.handlers.PredicateHandler.handleRequest(PredicateHandler.java:43)
	at org.wildfly.extension.undertow.security.jaspi.JASPICSecureResponseHandler.handleRequest(JASPICSecureResponseHandler.java:48)
	at org.wildfly.extension.undertow.deployment.GlobalRequestControllerHandler.handleRequest(GlobalRequestControllerHandler.java:68)
	at io.undertow.server.handlers.PredicateHandler.handleRequest(PredicateHandler.java:43)
	at io.undertow.servlet.handlers.ServletInitialHandler.handleFirstRequest(ServletInitialHandler.java:292)
	at io.undertow.servlet.handlers.ServletInitialHandler.access$100(ServletInitialHandler.java:81)
	at io.undertow.servlet.handlers.ServletInitialHandler$2.call(ServletInitialHandler.java:138)
	at io.undertow.servlet.handlers.ServletInitialHandler$2.call(ServletInitialHandler.java:135)
	at io.undertow.servlet.core.ServletRequestContextThreadSetupAction$1.call(ServletRequestContextThreadSetupAction.java:48)
	at io.undertow.servlet.core.ContextClassLoaderSetupAction$1.call(ContextClassLoaderSetupAction.java:43)
	at org.wildfly.extension.undertow.security.SecurityContextThreadSetupAction.lambda$create$0(SecurityContextThreadSetupAction.java:105)
	at org.wildfly.extension.undertow.deployment.UndertowDeploymentInfoService$UndertowThreadSetupAction.lambda$create$0(UndertowDeploymentInfoService.java:1502)
	at org.wildfly.extension.undertow.deployment.UndertowDeploymentInfoService$UndertowThreadSetupAction.lambda$create$0(UndertowDeploymentInfoService.java:1502)
	at org.wildfly.extension.undertow.deployment.UndertowDeploymentInfoService$UndertowThreadSetupAction.lambda$create$0(UndertowDeploymentInfoService.java:1502)
	at org.wildfly.extension.undertow.deployment.UndertowDeploymentInfoService$UndertowThreadSetupAction.lambda$create$0(UndertowDeploymentInfoService.java:1502)
	at org.wildfly.extension.undertow.deployment.UndertowDeploymentInfoService$UndertowThreadSetupAction.lambda$create$0(UndertowDeploymentInfoService.java:1502)
	at io.undertow.servlet.handlers.ServletInitialHandler.dispatchRequest(ServletInitialHandler.java:272)
	at io.undertow.servlet.handlers.ServletInitialHandler.access$000(ServletInitialHandler.java:81)
	at io.undertow.servlet.handlers.ServletInitialHandler$1.handleRequest(ServletInitialHandler.java:104)
	at io.undertow.server.Connectors.executeRootHandler(Connectors.java:364)
	at io.undertow.server.HttpServerExchange$1.run(HttpServerExchange.java:830)
	at org.jboss.threads.ContextClassLoaderSavingRunnable.run(ContextClassLoaderSavingRunnable.java:35)
	at org.jboss.threads.EnhancedQueueExecutor.safeRun(EnhancedQueueExecutor.java:1982)
	at org.jboss.threads.EnhancedQueueExecutor$ThreadBody.doRunTask(EnhancedQueueExecutor.java:1486)
	at org.jboss.threads.EnhancedQueueExecutor$ThreadBody.run(EnhancedQueueExecutor.java:1377)
	at java.lang.Thread.run(Thread.java:748)
2020/05/06 01:32:55.848 [default task-8] INFO  Exception when handling error trying to reset the response.
java.lang.IllegalStateException: UT010019: Response already commited
	at io.undertow.servlet.spec.HttpServletResponseImpl.sendRedirect(HttpServletResponseImpl.java:189)
	at com.sun.faces.context.ExternalContextImpl.redirect(ExternalContextImpl.java:736)
	at javax.faces.context.ExternalContextWrapper.redirect(ExternalContextWrapper.java:597)
	at javax.faces.context.ExternalContextWrapper.redirect(ExternalContextWrapper.java:597)
	at com.sun.faces.application.NavigationHandlerImpl.handleNavigation(NavigationHandlerImpl.java:302)
	at com.sun.faces.application.NavigationHandlerImpl.handleNavigation(NavigationHandlerImpl.java:206)
	at com.sun.faces.application.ActionListenerImpl.invokeNavigationHandling(ActionListenerImpl.java:110)
	at com.sun.faces.application.ActionListenerImpl.processAction(ActionListenerImpl.java:69)
	at javax.faces.component.UICommand.broadcast(UICommand.java:222)
	at javax.faces.component.UIViewRoot.broadcastEvents(UIViewRoot.java:847)
	at javax.faces.component.UIViewRoot.processApplication(UIViewRoot.java:1395)
	at com.sun.faces.lifecycle.InvokeApplicationPhase.execute(InvokeApplicationPhase.java:58)
	at com.sun.faces.lifecycle.Phase.doPhase(Phase.java:76)
	at com.sun.faces.lifecycle.LifecycleImpl.execute(LifecycleImpl.java:177)
	at javax.faces.webapp.FacesServlet.executeLifecyle(FacesServlet.java:707)
	at javax.faces.webapp.FacesServlet.service(FacesServlet.java:451)
	at io.undertow.servlet.handlers.ServletHandler.handleRequest(ServletHandler.java:74)
	at io.undertow.servlet.handlers.FilterHandler$FilterChainImpl.doFilter(FilterHandler.java:129)
	at io.opentracing.contrib.jaxrs2.server.SpanFinishingFilter.doFilter(SpanFinishingFilter.java:55)
	at io.undertow.servlet.core.ManagedFilter.doFilter(ManagedFilter.java:61)
	at io.undertow.servlet.handlers.FilterHandler$FilterChainImpl.doFilter(FilterHandler.java:131)
	at io.undertow.servlet.handlers.FilterHandler.handleRequest(FilterHandler.java:84)
	at io.undertow.servlet.handlers.security.ServletSecurityRoleHandler.handleRequest(ServletSecurityRoleHandler.java:62)
	at io.undertow.servlet.handlers.ServletChain$1.handleRequest(ServletChain.java:68)
	at io.undertow.servlet.handlers.ServletDispatchingHandler.handleRequest(ServletDispatchingHandler.java:36)
	at org.wildfly.extension.undertow.security.SecurityContextAssociationHandler.handleRequest(SecurityContextAssociationHandler.java:78)
	at io.undertow.server.handlers.PredicateHandler.handleRequest(PredicateHandler.java:43)
	at io.undertow.servlet.handlers.security.SSLInformationAssociationHandler.handleRequest(SSLInformationAssociationHandler.java:132)
	at io.undertow.servlet.handlers.security.ServletAuthenticationCallHandler.handleRequest(ServletAuthenticationCallHandler.java:57)
	at io.undertow.server.handlers.PredicateHandler.handleRequest(PredicateHandler.java:43)
	at io.undertow.security.handlers.AuthenticationConstraintHandler.handleRequest(AuthenticationConstraintHandler.java:53)
	at io.undertow.security.handlers.AbstractConfidentialityHandler.handleRequest(AbstractConfidentialityHandler.java:46)
	at io.undertow.servlet.handlers.security.ServletConfidentialityConstraintHandler.handleRequest(ServletConfidentialityConstraintHandler.java:64)
	at io.undertow.servlet.handlers.security.ServletSecurityConstraintHandler.handleRequest(ServletSecurityConstraintHandler.java:59)
	at io.undertow.security.handlers.AuthenticationMechanismsHandler.handleRequest(AuthenticationMechanismsHandler.java:60)
	at io.undertow.servlet.handlers.security.CachedAuthenticatedSessionHandler.handleRequest(CachedAuthenticatedSessionHandler.java:77)
	at io.undertow.security.handlers.NotificationReceiverHandler.handleRequest(NotificationReceiverHandler.java:50)
	at io.undertow.security.handlers.AbstractSecurityContextAssociationHandler.handleRequest(AbstractSecurityContextAssociationHandler.java:43)
	at io.undertow.server.handlers.PredicateHandler.handleRequest(PredicateHandler.java:43)
	at org.wildfly.extension.undertow.security.jacc.JACCContextIdHandler.handleRequest(JACCContextIdHandler.java:61)
	at io.undertow.server.handlers.PredicateHandler.handleRequest(PredicateHandler.java:43)
	at org.wildfly.extension.undertow.security.jaspi.JASPICSecureResponseHandler.handleRequest(JASPICSecureResponseHandler.java:48)
	at org.wildfly.extension.undertow.deployment.GlobalRequestControllerHandler.handleRequest(GlobalRequestControllerHandler.java:68)
	at io.undertow.server.handlers.PredicateHandler.handleRequest(PredicateHandler.java:43)
	at io.undertow.servlet.handlers.ServletInitialHandler.handleFirstRequest(ServletInitialHandler.java:292)
	at io.undertow.servlet.handlers.ServletInitialHandler.access$100(ServletInitialHandler.java:81)
	at io.undertow.servlet.handlers.ServletInitialHandler$2.call(ServletInitialHandler.java:138)
	at io.undertow.servlet.handlers.ServletInitialHandler$2.call(ServletInitialHandler.java:135)
	at io.undertow.servlet.core.ServletRequestContextThreadSetupAction$1.call(ServletRequestContextThreadSetupAction.java:48)
	at io.undertow.servlet.core.ContextClassLoaderSetupAction$1.call(ContextClassLoaderSetupAction.java:43)
	at org.wildfly.extension.undertow.security.SecurityContextThreadSetupAction.lambda$create$0(SecurityContextThreadSetupAction.java:105)
	at org.wildfly.extension.undertow.deployment.UndertowDeploymentInfoService$UndertowThreadSetupAction.lambda$create$0(UndertowDeploymentInfoService.java:1502)
	at org.wildfly.extension.undertow.deployment.UndertowDeploymentInfoService$UndertowThreadSetupAction.lambda$create$0(UndertowDeploymentInfoService.java:1502)
	at org.wildfly.extension.undertow.deployment.UndertowDeploymentInfoService$UndertowThreadSetupAction.lambda$create$0(UndertowDeploymentInfoService.java:1502)
	at org.wildfly.extension.undertow.deployment.UndertowDeploymentInfoService$UndertowThreadSetupAction.lambda$create$0(UndertowDeploymentInfoService.java:1502)
	at org.wildfly.extension.undertow.deployment.UndertowDeploymentInfoService$UndertowThreadSetupAction.lambda$create$0(UndertowDeploymentInfoService.java:1502)
	at io.undertow.servlet.handlers.ServletInitialHandler.dispatchRequest(ServletInitialHandler.java:272)
	at io.undertow.servlet.handlers.ServletInitialHandler.access$000(ServletInitialHandler.java:81)
	at io.undertow.servlet.handlers.ServletInitialHandler$1.handleRequest(ServletInitialHandler.java:104)
	at io.undertow.server.Connectors.executeRootHandler(Connectors.java:364)
	at io.undertow.server.HttpServerExchange$1.run(HttpServerExchange.java:830)
	at org.jboss.threads.ContextClassLoaderSavingRunnable.run(ContextClassLoaderSavingRunnable.java:35)
	at org.jboss.threads.EnhancedQueueExecutor.safeRun(EnhancedQueueExecutor.java:1982)
	at org.jboss.threads.EnhancedQueueExecutor$ThreadBody.doRunTask(EnhancedQueueExecutor.java:1486)
	at org.jboss.threads.EnhancedQueueExecutor$ThreadBody.run(EnhancedQueueExecutor.java:1377)
	at java.lang.Thread.run(Thread.java:748)
2020/05/06 10:42:45.081 [ServerService Thread Pool -- 76] INFO  コンテキスト '/sample-webapp-jsf' の Mojarra 2.3.9.SP02 を初期化します
2020/05/06 10:42:46.363 [ServerService Thread Pool -- 76] INFO  Monitoring file:/C:/pleiadeses/pleiades-2018-12/wildfly/wildfly-17.0.1.Final/standalone/deployments/sample-webapp-jsf.war/WEB-INF/faces-config.xml for modifications
2020/05/06 10:42:55.920 [default task-1] ERROR JSF1094: Could not decode flash data from incoming cookie value Invalid characters in decrypted value.  Processing will continue, but the flash is unavailable for this request.
2020/05/06 10:43:02.947 [default task-1] INFO  application.LoginBean#authenticate 開始
2020/05/06 10:43:03.576 [default task-2] ERROR JSF1094: Could not decode flash data from incoming cookie value Invalid characters in decrypted value.  Processing will continue, but the flash is unavailable for this request.
2020/05/06 10:43:03.578 [default task-1] INFO  認証ステータス：SEND_CONTINUE
2020/05/06 10:43:03.614 [default task-1] INFO  application.LoginBean#authenticate 終了
2020/05/06 10:43:03.616 [default task-1] INFO  application.LoginBean#login 開始
2020/05/06 10:43:03.617 [default task-1] INFO  application.LoginBean#login 終了
2020/05/06 10:43:30.260 [default task-1] INFO  application.LoginBean#authenticate 開始
2020/05/06 10:43:30.268 [default task-1] INFO  認証ステータス：SEND_CONTINUE
2020/05/06 10:43:30.271 [default task-1] INFO  application.LoginBean#authenticate 終了
2020/05/06 10:43:30.272 [default task-1] INFO  application.LoginBean#login 開始
2020/05/06 10:43:30.273 [default task-1] INFO  application.LoginBean#login 終了
2020/05/06 10:43:46.825 [default task-2] WARN  #{restClientBean.getUserWithJson()}: javax.ws.rs.RedirectionException: HTTP 302 Found
javax.faces.FacesException: #{restClientBean.getUserWithJson()}: javax.ws.rs.RedirectionException: HTTP 302 Found
	at com.sun.faces.application.ActionListenerImpl.getNavigationOutcome(ActionListenerImpl.java:96)
	at com.sun.faces.application.ActionListenerImpl.processAction(ActionListenerImpl.java:71)
	at javax.faces.component.UICommand.broadcast(UICommand.java:222)
	at javax.faces.component.UIViewRoot.broadcastEvents(UIViewRoot.java:847)
	at javax.faces.component.UIViewRoot.processApplication(UIViewRoot.java:1395)
	at com.sun.faces.lifecycle.InvokeApplicationPhase.execute(InvokeApplicationPhase.java:58)
	at com.sun.faces.lifecycle.Phase.doPhase(Phase.java:76)
	at com.sun.faces.lifecycle.LifecycleImpl.execute(LifecycleImpl.java:177)
	at javax.faces.webapp.FacesServlet.executeLifecyle(FacesServlet.java:707)
	at javax.faces.webapp.FacesServlet.service(FacesServlet.java:451)
	at io.undertow.servlet.handlers.ServletHandler.handleRequest(ServletHandler.java:74)
	at io.undertow.servlet.handlers.FilterHandler$FilterChainImpl.doFilter(FilterHandler.java:129)
	at io.opentracing.contrib.jaxrs2.server.SpanFinishingFilter.doFilter(SpanFinishingFilter.java:55)
	at io.undertow.servlet.core.ManagedFilter.doFilter(ManagedFilter.java:61)
	at io.undertow.servlet.handlers.FilterHandler$FilterChainImpl.doFilter(FilterHandler.java:131)
	at io.undertow.servlet.handlers.FilterHandler.handleRequest(FilterHandler.java:84)
	at io.undertow.servlet.handlers.security.ServletSecurityRoleHandler.handleRequest(ServletSecurityRoleHandler.java:62)
	at io.undertow.servlet.handlers.ServletChain$1.handleRequest(ServletChain.java:68)
	at io.undertow.servlet.handlers.ServletDispatchingHandler.handleRequest(ServletDispatchingHandler.java:36)
	at org.wildfly.extension.undertow.security.SecurityContextAssociationHandler.handleRequest(SecurityContextAssociationHandler.java:78)
	at io.undertow.server.handlers.PredicateHandler.handleRequest(PredicateHandler.java:43)
	at io.undertow.servlet.handlers.security.SSLInformationAssociationHandler.handleRequest(SSLInformationAssociationHandler.java:132)
	at io.undertow.servlet.handlers.security.ServletAuthenticationCallHandler.handleRequest(ServletAuthenticationCallHandler.java:57)
	at io.undertow.server.handlers.DisableCacheHandler.handleRequest(DisableCacheHandler.java:33)
	at io.undertow.server.handlers.PredicateHandler.handleRequest(PredicateHandler.java:43)
	at io.undertow.security.handlers.AuthenticationConstraintHandler.handleRequest(AuthenticationConstraintHandler.java:53)
	at io.undertow.security.handlers.AbstractConfidentialityHandler.handleRequest(AbstractConfidentialityHandler.java:46)
	at io.undertow.servlet.handlers.security.ServletConfidentialityConstraintHandler.handleRequest(ServletConfidentialityConstraintHandler.java:64)
	at io.undertow.servlet.handlers.security.ServletSecurityConstraintHandler.handleRequest(ServletSecurityConstraintHandler.java:59)
	at io.undertow.security.handlers.AuthenticationMechanismsHandler.handleRequest(AuthenticationMechanismsHandler.java:60)
	at io.undertow.servlet.handlers.security.CachedAuthenticatedSessionHandler.handleRequest(CachedAuthenticatedSessionHandler.java:77)
	at io.undertow.security.handlers.NotificationReceiverHandler.handleRequest(NotificationReceiverHandler.java:50)
	at io.undertow.security.handlers.AbstractSecurityContextAssociationHandler.handleRequest(AbstractSecurityContextAssociationHandler.java:43)
	at io.undertow.server.handlers.PredicateHandler.handleRequest(PredicateHandler.java:43)
	at org.wildfly.extension.undertow.security.jacc.JACCContextIdHandler.handleRequest(JACCContextIdHandler.java:61)
	at io.undertow.server.handlers.PredicateHandler.handleRequest(PredicateHandler.java:43)
	at org.wildfly.extension.undertow.security.jaspi.JASPICSecureResponseHandler.handleRequest(JASPICSecureResponseHandler.java:48)
	at org.wildfly.extension.undertow.deployment.GlobalRequestControllerHandler.handleRequest(GlobalRequestControllerHandler.java:68)
	at io.undertow.server.handlers.PredicateHandler.handleRequest(PredicateHandler.java:43)
	at io.undertow.servlet.handlers.ServletInitialHandler.handleFirstRequest(ServletInitialHandler.java:292)
	at io.undertow.servlet.handlers.ServletInitialHandler.access$100(ServletInitialHandler.java:81)
	at io.undertow.servlet.handlers.ServletInitialHandler$2.call(ServletInitialHandler.java:138)
	at io.undertow.servlet.handlers.ServletInitialHandler$2.call(ServletInitialHandler.java:135)
	at io.undertow.servlet.core.ServletRequestContextThreadSetupAction$1.call(ServletRequestContextThreadSetupAction.java:48)
	at io.undertow.servlet.core.ContextClassLoaderSetupAction$1.call(ContextClassLoaderSetupAction.java:43)
	at org.wildfly.extension.undertow.security.SecurityContextThreadSetupAction.lambda$create$0(SecurityContextThreadSetupAction.java:105)
	at org.wildfly.extension.undertow.deployment.UndertowDeploymentInfoService$UndertowThreadSetupAction.lambda$create$0(UndertowDeploymentInfoService.java:1502)
	at org.wildfly.extension.undertow.deployment.UndertowDeploymentInfoService$UndertowThreadSetupAction.lambda$create$0(UndertowDeploymentInfoService.java:1502)
	at org.wildfly.extension.undertow.deployment.UndertowDeploymentInfoService$UndertowThreadSetupAction.lambda$create$0(UndertowDeploymentInfoService.java:1502)
	at org.wildfly.extension.undertow.deployment.UndertowDeploymentInfoService$UndertowThreadSetupAction.lambda$create$0(UndertowDeploymentInfoService.java:1502)
	at org.wildfly.extension.undertow.deployment.UndertowDeploymentInfoService$UndertowThreadSetupAction.lambda$create$0(UndertowDeploymentInfoService.java:1502)
	at io.undertow.servlet.handlers.ServletInitialHandler.dispatchRequest(ServletInitialHandler.java:272)
	at io.undertow.servlet.handlers.ServletInitialHandler.access$000(ServletInitialHandler.java:81)
	at io.undertow.servlet.handlers.ServletInitialHandler$1.handleRequest(ServletInitialHandler.java:104)
	at io.undertow.server.Connectors.executeRootHandler(Connectors.java:364)
	at io.undertow.server.HttpServerExchange$1.run(HttpServerExchange.java:830)
	at org.jboss.threads.ContextClassLoaderSavingRunnable.run(ContextClassLoaderSavingRunnable.java:35)
	at org.jboss.threads.EnhancedQueueExecutor.safeRun(EnhancedQueueExecutor.java:1982)
	at org.jboss.threads.EnhancedQueueExecutor$ThreadBody.doRunTask(EnhancedQueueExecutor.java:1486)
	at org.jboss.threads.EnhancedQueueExecutor$ThreadBody.run(EnhancedQueueExecutor.java:1377)
	at java.lang.Thread.run(Thread.java:748)
Caused by: javax.faces.el.EvaluationException: javax.ws.rs.RedirectionException: HTTP 302 Found
	at com.sun.faces.application.MethodBindingMethodExpressionAdapter.invoke(MethodBindingMethodExpressionAdapter.java:76)
	at com.sun.faces.application.ActionListenerImpl.getNavigationOutcome(ActionListenerImpl.java:82)
	... 60 more
Caused by: javax.ws.rs.RedirectionException: HTTP 302 Found
	at org.jboss.resteasy.client.jaxrs.internal.ClientInvocation.extractResult(ClientInvocation.java:193)
	at org.jboss.resteasy.client.jaxrs.internal.ClientInvocation.invoke(ClientInvocation.java:467)
	at org.jboss.resteasy.client.jaxrs.internal.ClientInvocationBuilder.get(ClientInvocationBuilder.java:189)
	at application.RestClientBean.getUserWithJson(RestClientBean.java:82)
	at sun.reflect.NativeMethodAccessorImpl.invoke0(Native Method)
	at sun.reflect.NativeMethodAccessorImpl.invoke(NativeMethodAccessorImpl.java:62)
	at sun.reflect.DelegatingMethodAccessorImpl.invoke(DelegatingMethodAccessorImpl.java:43)
	at java.lang.reflect.Method.invoke(Method.java:498)
	at javax.el.ELUtil.invokeMethod(ELUtil.java:311)
	at javax.el.BeanELResolver.invoke(BeanELResolver.java:415)
	at javax.el.CompositeELResolver.invoke(CompositeELResolver.java:256)
	at com.sun.el.parser.AstValue.invoke(AstValue.java:261)
	at com.sun.el.MethodExpressionImpl.invoke(MethodExpressionImpl.java:280)
	at org.jboss.weld.module.web.util.el.ForwardingMethodExpression.invoke(ForwardingMethodExpression.java:40)
	at org.jboss.weld.module.web.el.WeldMethodExpression.invoke(WeldMethodExpression.java:50)
	at org.jboss.weld.module.web.util.el.ForwardingMethodExpression.invoke(ForwardingMethodExpression.java:40)
	at org.jboss.weld.module.web.el.WeldMethodExpression.invoke(WeldMethodExpression.java:50)
	at com.sun.faces.facelets.el.TagMethodExpression.invoke(TagMethodExpression.java:65)
	at com.sun.faces.application.MethodBindingMethodExpressionAdapter.invoke(MethodBindingMethodExpressionAdapter.java:66)
	... 61 more
2020/05/06 10:44:28.843 [default task-2] INFO  application.LoginBean#authenticate 開始
2020/05/06 10:44:28.855 [default task-2] INFO  認証ステータス：SUCCESS
2020/05/06 10:44:28.856 [default task-2] INFO  application.LoginBean#authenticate 終了
2020/05/06 10:44:28.870 [default task-2] INFO  application.LoginBean#login 開始
2020/05/06 10:44:28.891 [default task-2] INFO  application.LoginBean#login 終了
2020/05/06 10:44:41.155 [default task-3] INFO  application.LoginBean#authenticate 開始
2020/05/06 10:44:41.162 [default task-3] INFO  認証ステータス：SEND_FAILURE
2020/05/06 10:44:41.163 [default task-3] INFO  application.LoginBean#authenticate 終了
2020/05/06 10:44:41.164 [default task-3] INFO  application.LoginBean#login 開始
2020/05/06 10:44:41.164 [default task-3] INFO  application.LoginBean#login 終了
2020/05/06 10:44:43.517 [default task-3] INFO  application.LoginBean#authenticate 開始
2020/05/06 10:44:43.526 [default task-3] INFO  認証ステータス：SUCCESS
2020/05/06 10:44:43.527 [default task-3] INFO  application.LoginBean#authenticate 終了
2020/05/06 10:44:43.527 [default task-3] INFO  application.LoginBean#login 開始
2020/05/06 10:44:43.527 [default task-3] INFO  application.LoginBean#login 終了
2020/05/06 10:46:07.727 [ServerService Thread Pool -- 76] INFO  コンテキスト '/sample-webapp-jsf' の Mojarra 2.3.9.SP02 を初期化します
2020/05/06 10:46:08.981 [ServerService Thread Pool -- 76] INFO  Monitoring file:/C:/pleiadeses/pleiades-2018-12/wildfly/wildfly-17.0.1.Final/standalone/deployments/sample-webapp-jsf.war/WEB-INF/faces-config.xml for modifications
2020/05/06 10:46:27.658 [default task-2] INFO  application.LoginBean#authenticate 開始
2020/05/06 10:46:28.217 [default task-2] INFO  認証ステータス：SEND_CONTINUE
2020/05/06 10:46:28.248 [default task-2] INFO  application.LoginBean#authenticate 終了
2020/05/06 10:46:28.249 [default task-2] INFO  application.LoginBean#login 開始
2020/05/06 10:46:28.249 [default task-2] INFO  application.LoginBean#login 終了
2020/05/06 10:49:06.454 [ServerService Thread Pool -- 76] INFO  コンテキスト '/sample-webapp-jsf' の Mojarra 2.3.9.SP02 を初期化します
2020/05/06 10:49:07.772 [ServerService Thread Pool -- 76] INFO  Monitoring file:/C:/pleiadeses/pleiades-2018-12/wildfly/wildfly-17.0.1.Final/standalone/deployments/sample-webapp-jsf.war/WEB-INF/faces-config.xml for modifications
2020/05/06 10:49:35.582 [default task-1] INFO  application.LoginBean#authenticate 開始
2020/05/06 10:49:36.138 [default task-1] INFO  認証ステータス：SEND_CONTINUE
2020/05/06 10:49:36.164 [default task-1] INFO  application.LoginBean#authenticate 終了
2020/05/06 10:49:36.165 [default task-1] INFO  application.LoginBean#login 開始
2020/05/06 10:49:36.165 [default task-1] INFO  application.LoginBean#login 終了
2020/05/06 10:50:48.388 [ServerService Thread Pool -- 76] INFO  コンテキスト '/sample-webapp-jsf' の Mojarra 2.3.9.SP02 を初期化します
2020/05/06 10:50:49.566 [ServerService Thread Pool -- 76] INFO  Monitoring file:/C:/pleiadeses/pleiades-2018-12/wildfly/wildfly-17.0.1.Final/standalone/deployments/sample-webapp-jsf.war/WEB-INF/faces-config.xml for modifications
2020/05/06 10:51:06.208 [default task-2] INFO  application.LoginBean#authenticate 開始
2020/05/06 10:51:06.877 [default task-2] INFO  認証ステータス：SEND_CONTINUE
2020/05/06 10:51:06.915 [default task-2] INFO  application.LoginBean#authenticate 終了
2020/05/06 10:51:06.916 [default task-2] INFO  application.LoginBean#login 開始
2020/05/06 10:51:06.918 [default task-2] INFO  application.LoginBean#login 終了
2020/05/06 10:57:49.483 [ServerService Thread Pool -- 76] INFO  コンテキスト '/sample-webapp-jsf' の Mojarra 2.3.9.SP02 を初期化します
2020/05/06 10:57:50.702 [ServerService Thread Pool -- 76] INFO  Monitoring file:/C:/pleiadeses/pleiades-2018-12/wildfly/wildfly-17.0.1.Final/standalone/deployments/sample-webapp-jsf.war/WEB-INF/faces-config.xml for modifications
2020/05/06 10:58:43.841 [default task-1] INFO  application.LoginBean#authenticate 開始
2020/05/06 10:58:44.559 [default task-1] INFO  認証ステータス：SEND_CONTINUE
2020/05/06 10:58:44.596 [default task-1] INFO  application.LoginBean#authenticate 終了
2020/05/06 10:58:44.598 [default task-1] INFO  application.LoginBean#login 開始
2020/05/06 10:58:44.599 [default task-1] INFO  application.LoginBean#login 終了
2020/05/06 11:09:58.465 [ServerService Thread Pool -- 76] INFO  コンテキスト '/sample-webapp-jsf' の Mojarra 2.3.9.SP02 を初期化します
2020/05/06 11:09:59.644 [ServerService Thread Pool -- 76] INFO  Monitoring file:/C:/pleiadeses/pleiades-2018-12/wildfly/wildfly-17.0.1.Final/standalone/deployments/sample-webapp-jsf.war/WEB-INF/faces-config.xml for modifications
2020/05/06 11:15:10.946 [ServerService Thread Pool -- 76] INFO  コンテキスト '/sample-webapp-jsf' の Mojarra 2.3.9.SP02 を初期化します
2020/05/06 11:15:12.346 [ServerService Thread Pool -- 76] INFO  Monitoring file:/C:/pleiadeses/pleiades-2018-12/wildfly/wildfly-17.0.1.Final/standalone/deployments/sample-webapp-jsf.war/WEB-INF/faces-config.xml for modifications
2020/05/06 11:15:26.745 [default task-1] INFO  application.LoginBean#authenticate 開始
2020/05/06 11:15:27.295 [default task-1] INFO  認証ステータス：SUCCESS
2020/05/06 11:15:27.296 [default task-1] INFO  application.LoginBean#authenticate 終了
2020/05/06 11:15:27.298 [default task-1] INFO  application.LoginBean#login 開始
2020/05/06 11:15:27.301 [default task-1] INFO  application.LoginBean#login 終了
2020/05/06 11:15:31.341 [default task-1] INFO  application.TopBean#goSignupPage 開始
2020/05/06 11:15:31.342 [default task-1] INFO  application.TopBean#goSignupPage 終了
2020/05/06 11:15:40.857 [default task-1] INFO  application.TopBean#goRestClientPage 開始
2020/05/06 11:15:40.858 [default task-1] INFO  application.TopBean#goRestClientPage 終了
2020/05/06 11:19:43.354 [ServerService Thread Pool -- 76] INFO  コンテキスト '/sample-webapp-jsf' の Mojarra 2.3.9.SP02 を初期化します
2020/05/06 11:19:44.756 [ServerService Thread Pool -- 76] INFO  Monitoring file:/C:/pleiadeses/pleiades-2018-12/wildfly/wildfly-17.0.1.Final/standalone/deployments/sample-webapp-jsf.war/WEB-INF/faces-config.xml for modifications
2020/05/06 11:20:01.958 [default task-2] INFO  application.LoginBean#authenticate 開始
2020/05/06 11:20:02.560 [default task-2] INFO  認証ステータス：SEND_CONTINUE
2020/05/06 11:20:02.589 [default task-2] INFO  application.LoginBean#authenticate 終了
2020/05/06 11:20:02.593 [default task-2] INFO  application.LoginBean#login 開始
2020/05/06 11:20:02.601 [default task-2] INFO  application.LoginBean#login 終了
2020/05/06 11:27:27.018 [ServerService Thread Pool -- 76] INFO  コンテキスト '/sample-webapp-jsf' の Mojarra 2.3.9.SP02 を初期化します
2020/05/06 11:27:28.152 [ServerService Thread Pool -- 76] INFO  Monitoring file:/C:/pleiadeses/pleiades-2018-12/wildfly/wildfly-17.0.1.Final/standalone/deployments/sample-webapp-jsf.war/WEB-INF/faces-config.xml for modifications
2020/05/06 11:27:41.420 [default task-1] INFO  application.LoginBean#authenticate 開始
2020/05/06 11:27:42.045 [default task-1] INFO  認証ステータス：SEND_CONTINUE
2020/05/06 11:27:42.082 [default task-1] INFO  application.LoginBean#authenticate 終了
2020/05/06 11:27:42.086 [default task-1] INFO  application.LoginBean#login 開始
2020/05/06 11:27:42.087 [default task-1] INFO  application.LoginBean#login 終了
2020/05/06 11:34:48.909 [ServerService Thread Pool -- 76] INFO  コンテキスト '/sample-webapp-jsf' の Mojarra 2.3.9.SP02 を初期化します
2020/05/06 11:34:50.304 [ServerService Thread Pool -- 76] INFO  Monitoring file:/C:/pleiadeses/pleiades-2018-12/wildfly/wildfly-17.0.1.Final/standalone/deployments/sample-webapp-jsf.war/WEB-INF/faces-config.xml for modifications
2020/05/06 11:34:58.328 [default task-1] INFO  application.LoginBean#viewAction 開始
2020/05/06 11:34:58.330 [default task-1] INFO  application.LoginBean#viewAction 終了
2020/05/06 11:35:05.271 [default task-1] INFO  application.LoginBean#authenticate 開始
2020/05/06 11:35:05.915 [default task-1] INFO  認証ステータス：SUCCESS
2020/05/06 11:35:05.916 [default task-1] INFO  application.LoginBean#authenticate 終了
2020/05/06 11:35:05.917 [default task-1] INFO  application.LoginBean#login 開始
2020/05/06 11:35:05.920 [default task-1] INFO  application.LoginBean#login 終了
2020/05/06 11:35:12.881 [default task-1] INFO  application.LoginBean#viewAction 開始
2020/05/06 11:35:12.882 [default task-1] INFO  application.LoginBean#viewAction 終了
2020/05/06 11:38:29.908 [default task-1] INFO  application.TopBean#goRestClientPage 開始
2020/05/06 11:38:29.909 [default task-1] INFO  application.TopBean#goRestClientPage 終了
2020/05/06 11:38:54.530 [default task-1] INFO  application.LoginBean#viewAction 開始
2020/05/06 11:38:54.530 [default task-1] INFO  application.LoginBean#viewAction 終了
2020/05/06 11:39:02.280 [default task-1] INFO  application.LoginBean#authenticate 開始
2020/05/06 11:39:02.292 [default task-1] INFO  認証ステータス：SUCCESS
2020/05/06 11:39:02.292 [default task-1] INFO  application.LoginBean#authenticate 終了
2020/05/06 11:39:02.293 [default task-1] INFO  application.LoginBean#login 開始
2020/05/06 11:39:02.293 [default task-1] INFO  application.LoginBean#login 終了
2020/05/06 11:39:08.036 [default task-1] INFO  application.TopBean#goRestClientPage 開始
2020/05/06 11:39:08.037 [default task-1] INFO  application.TopBean#goRestClientPage 終了
